{"/Users/estevamfurtado/Desktop/DRIVEN/projeto22-polis/backend/src/app.ts": {"path":"/Users/estevamfurtado/Desktop/DRIVEN/projeto22-polis/backend/src/app.ts","statementMap":{"0":{"start":{"line":9,"column":12},"end":{"line":9,"column":21}},"1":{"start":{"line":10,"column":0},"end":{"line":10,"column":16}},"2":{"start":{"line":11,"column":0},"end":{"line":11,"column":24}},"3":{"start":{"line":13,"column":0},"end":{"line":13,"column":21}},"4":{"start":{"line":15,"column":0},"end":{"line":18,"column":null}},"5":{"start":{"line":16,"column":4},"end":{"line":16,"column":null}},"6":{"start":{"line":17,"column":1},"end":{"line":17,"column":31}},"7":{"start":{"line":20,"column":0},"end":{"line":20,"column":31}}},"fnMap":{},"branchMap":{"0":{"loc":{"start":{"line":15,"column":0},"end":{"line":18,"column":null}},"type":"if","locations":[{"start":{"line":15,"column":0},"end":{"line":18,"column":null}}]}},"s":{"0":1,"1":1,"2":1,"3":1,"4":1,"5":1,"6":1,"7":1},"f":{},"b":{"0":[1]}}
,"/Users/estevamfurtado/Desktop/DRIVEN/projeto22-polis/backend/src/database.ts": {"path":"/Users/estevamfurtado/Desktop/DRIVEN/projeto22-polis/backend/src/database.ts","statementMap":{"0":{"start":{"line":3,"column":25},"end":{"line":3,"column":28}},"1":{"start":{"line":5,"column":22},"end":{"line":5,"column":40}}},"fnMap":{},"branchMap":{},"s":{"0":1,"1":1},"f":{},"b":{}}
,"/Users/estevamfurtado/Desktop/DRIVEN/projeto22-polis/backend/src/controllers/album.controller.ts": {"path":"/Users/estevamfurtado/Desktop/DRIVEN/projeto22-polis/backend/src/controllers/album.controller.ts","statementMap":{},"fnMap":{"0":{"name":"getLastAlbum","decl":{"start":{"line":4,"column":15},"end":{"line":4,"column":27}},"loc":{"start":{"line":4,"column":56},"end":{"line":5,"column":null}}}},"branchMap":{},"s":{},"f":{"0":0},"b":{}}
,"/Users/estevamfurtado/Desktop/DRIVEN/projeto22-polis/backend/src/controllers/auth.controller.ts": {"path":"/Users/estevamfurtado/Desktop/DRIVEN/projeto22-polis/backend/src/controllers/auth.controller.ts","statementMap":{"0":{"start":{"line":7,"column":4},"end":{"line":7,"column":48}},"1":{"start":{"line":8,"column":32},"end":{"line":8,"column":40}},"2":{"start":{"line":9,"column":18},"end":{"line":9,"column":63}},"3":{"start":{"line":11,"column":4},"end":{"line":11,"column":43}},"4":{"start":{"line":12,"column":4},"end":{"line":12,"column":34}},"5":{"start":{"line":17,"column":4},"end":{"line":17,"column":48}},"6":{"start":{"line":18,"column":23},"end":{"line":18,"column":90}},"7":{"start":{"line":19,"column":4},"end":{"line":19,"column":53}},"8":{"start":{"line":20,"column":4},"end":{"line":20,"column":43}},"9":{"start":{"line":21,"column":4},"end":{"line":21,"column":24}}},"fnMap":{"0":{"name":"signIn","decl":{"start":{"line":6,"column":15},"end":{"line":6,"column":21}},"loc":{"start":{"line":6,"column":50},"end":{"line":13,"column":null}}},"1":{"name":"signUp","decl":{"start":{"line":15,"column":15},"end":{"line":15,"column":21}},"loc":{"start":{"line":15,"column":50},"end":{"line":22,"column":null}}}},"branchMap":{"0":{"loc":{"start":{"line":18,"column":23},"end":{"line":18,"column":90}},"type":"cond-expr","locations":[{"start":{"line":18,"column":48},"end":{"line":18,"column":78}},{"start":{"line":18,"column":81},"end":{"line":18,"column":90}}]}},"s":{"0":1,"1":1,"2":1,"3":1,"4":1,"5":3,"6":3,"7":3,"8":1,"9":1},"f":{"0":1,"1":3},"b":{"0":[0,3]}}
,"/Users/estevamfurtado/Desktop/DRIVEN/projeto22-polis/backend/src/controllers/deck.controller.ts": {"path":"/Users/estevamfurtado/Desktop/DRIVEN/projeto22-polis/backend/src/controllers/deck.controller.ts","statementMap":{},"fnMap":{"0":{"name":"getDeck","decl":{"start":{"line":4,"column":15},"end":{"line":4,"column":22}},"loc":{"start":{"line":4,"column":51},"end":{"line":5,"column":null}}},"1":{"name":"getDeckPacks","decl":{"start":{"line":7,"column":15},"end":{"line":7,"column":27}},"loc":{"start":{"line":7,"column":56},"end":{"line":8,"column":null}}},"2":{"name":"openAllDeckPacks","decl":{"start":{"line":10,"column":15},"end":{"line":10,"column":31}},"loc":{"start":{"line":10,"column":60},"end":{"line":11,"column":null}}},"3":{"name":"openOneDeckPack","decl":{"start":{"line":13,"column":15},"end":{"line":13,"column":30}},"loc":{"start":{"line":13,"column":59},"end":{"line":14,"column":null}}},"4":{"name":"pasteAllCards","decl":{"start":{"line":16,"column":15},"end":{"line":16,"column":28}},"loc":{"start":{"line":16,"column":57},"end":{"line":17,"column":null}}},"5":{"name":"pasteCard","decl":{"start":{"line":19,"column":15},"end":{"line":19,"column":24}},"loc":{"start":{"line":19,"column":53},"end":{"line":20,"column":null}}}},"branchMap":{},"s":{},"f":{"0":0,"1":0,"2":0,"3":0,"4":0,"5":0},"b":{}}
,"/Users/estevamfurtado/Desktop/DRIVEN/projeto22-polis/backend/src/controllers/ranking.controller.ts": {"path":"/Users/estevamfurtado/Desktop/DRIVEN/projeto22-polis/backend/src/controllers/ranking.controller.ts","statementMap":{},"fnMap":{"0":{"name":"getRanking","decl":{"start":{"line":4,"column":15},"end":{"line":4,"column":25}},"loc":{"start":{"line":4,"column":54},"end":{"line":5,"column":null}}},"1":{"name":"getPolitician","decl":{"start":{"line":7,"column":15},"end":{"line":7,"column":28}},"loc":{"start":{"line":7,"column":57},"end":{"line":8,"column":null}}}},"branchMap":{},"s":{},"f":{"0":0,"1":0},"b":{}}
,"/Users/estevamfurtado/Desktop/DRIVEN/projeto22-polis/backend/src/controllers/tinder.controller.ts": {"path":"/Users/estevamfurtado/Desktop/DRIVEN/projeto22-polis/backend/src/controllers/tinder.controller.ts","statementMap":{},"fnMap":{"0":{"name":"getTinderVideo","decl":{"start":{"line":4,"column":15},"end":{"line":4,"column":29}},"loc":{"start":{"line":4,"column":58},"end":{"line":5,"column":null}}},"1":{"name":"postTinderVideo","decl":{"start":{"line":7,"column":15},"end":{"line":7,"column":30}},"loc":{"start":{"line":7,"column":59},"end":{"line":8,"column":null}}},"2":{"name":"putTinderReact","decl":{"start":{"line":10,"column":15},"end":{"line":10,"column":29}},"loc":{"start":{"line":10,"column":58},"end":{"line":11,"column":null}}}},"branchMap":{},"s":{},"f":{"0":0,"1":0,"2":0},"b":{}}
,"/Users/estevamfurtado/Desktop/DRIVEN/projeto22-polis/backend/src/controllers/user.controller.ts": {"path":"/Users/estevamfurtado/Desktop/DRIVEN/projeto22-polis/backend/src/controllers/user.controller.ts","statementMap":{},"fnMap":{"0":{"name":"putUser","decl":{"start":{"line":4,"column":15},"end":{"line":4,"column":22}},"loc":{"start":{"line":4,"column":51},"end":{"line":5,"column":null}}},"1":{"name":"getUser","decl":{"start":{"line":7,"column":15},"end":{"line":7,"column":22}},"loc":{"start":{"line":7,"column":51},"end":{"line":8,"column":null}}},"2":{"name":"putCandidateProfile","decl":{"start":{"line":10,"column":15},"end":{"line":10,"column":34}},"loc":{"start":{"line":10,"column":63},"end":{"line":11,"column":null}}},"3":{"name":"postCandidateProfile","decl":{"start":{"line":13,"column":15},"end":{"line":13,"column":35}},"loc":{"start":{"line":13,"column":64},"end":{"line":14,"column":null}}},"4":{"name":"getUserInvite","decl":{"start":{"line":16,"column":15},"end":{"line":16,"column":28}},"loc":{"start":{"line":16,"column":57},"end":{"line":17,"column":null}}}},"branchMap":{},"s":{},"f":{"0":0,"1":0,"2":0,"3":0,"4":0},"b":{}}
,"/Users/estevamfurtado/Desktop/DRIVEN/projeto22-polis/backend/src/middlewares/auth.middlewares.ts": {"path":"/Users/estevamfurtado/Desktop/DRIVEN/projeto22-polis/backend/src/middlewares/auth.middlewares.ts","statementMap":{"0":{"start":{"line":8,"column":4},"end":{"line":8,"column":54}},"1":{"start":{"line":10,"column":28},"end":{"line":10,"column":51}},"2":{"start":{"line":11,"column":4},"end":{"line":13,"column":null}},"3":{"start":{"line":12,"column":8},"end":{"line":12,"column":57}},"4":{"start":{"line":14,"column":18},"end":{"line":14,"column":45}},"5":{"start":{"line":15,"column":4},"end":{"line":17,"column":null}},"6":{"start":{"line":16,"column":8},"end":{"line":16,"column":57}},"7":{"start":{"line":18,"column":17},"end":{"line":18,"column":58}},"8":{"start":{"line":19,"column":4},"end":{"line":19,"column":32}},"9":{"start":{"line":21,"column":4},"end":{"line":21,"column":11}}},"fnMap":{"0":{"name":"validateToken","decl":{"start":{"line":7,"column":15},"end":{"line":7,"column":28}},"loc":{"start":{"line":7,"column":77},"end":{"line":22,"column":null}}}},"branchMap":{"0":{"loc":{"start":{"line":10,"column":28},"end":{"line":10,"column":51}},"type":"binary-expr","locations":[{"start":{"line":10,"column":28},"end":{"line":10,"column":38}},{"start":{"line":10,"column":42},"end":{"line":10,"column":51}}]},"1":{"loc":{"start":{"line":11,"column":4},"end":{"line":13,"column":null}},"type":"if","locations":[{"start":{"line":11,"column":4},"end":{"line":13,"column":null}}]},"2":{"loc":{"start":{"line":15,"column":4},"end":{"line":17,"column":null}},"type":"if","locations":[{"start":{"line":15,"column":4},"end":{"line":17,"column":null}}]}},"s":{"0":0,"1":0,"2":0,"3":0,"4":0,"5":0,"6":0,"7":0,"8":0,"9":0},"f":{"0":0},"b":{"0":[0,0],"1":[0],"2":[0]}}
,"/Users/estevamfurtado/Desktop/DRIVEN/projeto22-polis/backend/src/middlewares/set.middlewares.ts": {"path":"/Users/estevamfurtado/Desktop/DRIVEN/projeto22-polis/backend/src/middlewares/set.middlewares.ts","statementMap":{"0":{"start":{"line":6,"column":4},"end":{"line":6,"column":67}},"1":{"start":{"line":7,"column":16},"end":{"line":7,"column":92}},"2":{"start":{"line":8,"column":4},"end":{"line":8,"column":24}},"3":{"start":{"line":9,"column":4},"end":{"line":9,"column":11}}},"fnMap":{"0":{"name":"localsFromRequestData","decl":{"start":{"line":5,"column":16},"end":{"line":5,"column":37}},"loc":{"start":{"line":5,"column":85},"end":{"line":10,"column":1}}}},"branchMap":{},"s":{"0":5,"1":5,"2":5,"3":5},"f":{"0":5},"b":{}}
,"/Users/estevamfurtado/Desktop/DRIVEN/projeto22-polis/backend/src/middlewares/validate.middlewares.ts": {"path":"/Users/estevamfurtado/Desktop/DRIVEN/projeto22-polis/backend/src/middlewares/validate.middlewares.ts","statementMap":{"0":{"start":{"line":8,"column":4},"end":{"line":12,"column":null}},"1":{"start":{"line":9,"column":8},"end":{"line":9,"column":81}},"2":{"start":{"line":10,"column":8},"end":{"line":10,"column":60}},"3":{"start":{"line":11,"column":8},"end":{"line":11,"column":15}}},"fnMap":{"0":{"name":"joiSchema","decl":{"start":{"line":7,"column":16},"end":{"line":7,"column":25}},"loc":{"start":{"line":7,"column":45},"end":{"line":13,"column":1}}},"1":{"name":"(anonymous_1)","decl":{"start":{"line":8,"column":11},"end":{"line":8,"column":12}},"loc":{"start":{"line":8,"column":63},"end":{"line":12,"column":5}}}},"branchMap":{},"s":{"0":7,"1":5,"2":5,"3":4},"f":{"0":7,"1":5},"b":{}}
,"/Users/estevamfurtado/Desktop/DRIVEN/projeto22-polis/backend/src/middlewares/utils/aux.ts": {"path":"/Users/estevamfurtado/Desktop/DRIVEN/projeto22-polis/backend/src/middlewares/utils/aux.ts","statementMap":{"0":{"start":{"line":7,"column":4},"end":{"line":7,"column":59}},"1":{"start":{"line":11,"column":4},"end":{"line":11,"column":48}},"2":{"start":{"line":15,"column":4},"end":{"line":18,"column":6}},"3":{"start":{"line":16,"column":8},"end":{"line":16,"column":42}},"4":{"start":{"line":17,"column":8},"end":{"line":17,"column":15}}},"fnMap":{"0":{"name":"throwAppError","decl":{"start":{"line":6,"column":22},"end":{"line":6,"column":35}},"loc":{"start":{"line":6,"column":84},"end":{"line":8,"column":null}}},"1":{"name":"throwError","decl":{"start":{"line":10,"column":22},"end":{"line":10,"column":32}},"loc":{"start":{"line":10,"column":81},"end":{"line":12,"column":null}}},"2":{"name":"logRoute","decl":{"start":{"line":14,"column":16},"end":{"line":14,"column":24}},"loc":{"start":{"line":14,"column":41},"end":{"line":19,"column":1}}},"3":{"name":"(anonymous_12)","decl":{"start":{"line":15,"column":11},"end":{"line":15,"column":12}},"loc":{"start":{"line":15,"column":63},"end":{"line":18,"column":5}}}},"branchMap":{},"s":{"0":0,"1":0,"2":13,"3":5,"4":5},"f":{"0":0,"1":0,"2":13,"3":5},"b":{}}
,"/Users/estevamfurtado/Desktop/DRIVEN/projeto22-polis/backend/src/middlewares/utils/error.ts": {"path":"/Users/estevamfurtado/Desktop/DRIVEN/projeto22-polis/backend/src/middlewares/utils/error.ts","statementMap":{"0":{"start":{"line":16,"column":2},"end":{"line":20,"column":null}},"1":{"start":{"line":18,"column":4},"end":{"line":18,"column":null}},"2":{"start":{"line":19,"column":4},"end":{"line":19,"column":73}},"3":{"start":{"line":22,"column":2},"end":{"line":22,"column":29}}},"fnMap":{"0":{"name":"errorHandler","decl":{"start":{"line":9,"column":16},"end":{"line":9,"column":28}},"loc":{"start":{"line":13,"column":20},"end":{"line":23,"column":1}}}},"branchMap":{"0":{"loc":{"start":{"line":16,"column":2},"end":{"line":20,"column":null}},"type":"if","locations":[{"start":{"line":16,"column":2},"end":{"line":20,"column":null}}]}},"s":{"0":3,"1":3,"2":3,"3":0},"f":{"0":3},"b":{"0":[3]}}
,"/Users/estevamfurtado/Desktop/DRIVEN/projeto22-polis/backend/src/repositories/album.repository.ts": {"path":"/Users/estevamfurtado/Desktop/DRIVEN/projeto22-polis/backend/src/repositories/album.repository.ts","statementMap":{"0":{"start":{"line":4,"column":11},"end":{"line":4,"column":32}},"1":{"start":{"line":12,"column":4},"end":{"line":12,"column":42}},"2":{"start":{"line":16,"column":4},"end":{"line":16,"column":45}},"3":{"start":{"line":20,"column":4},"end":{"line":20,"column":55}}},"fnMap":{"0":{"name":"create","decl":{"start":{"line":11,"column":15},"end":{"line":11,"column":21}},"loc":{"start":{"line":11,"column":41},"end":{"line":13,"column":null}}},"1":{"name":"get","decl":{"start":{"line":15,"column":15},"end":{"line":15,"column":18}},"loc":{"start":{"line":15,"column":30},"end":{"line":17,"column":null}}},"2":{"name":"update","decl":{"start":{"line":19,"column":15},"end":{"line":19,"column":21}},"loc":{"start":{"line":19,"column":53},"end":{"line":21,"column":null}}}},"branchMap":{},"s":{"0":1,"1":0,"2":0,"3":0},"f":{"0":0,"1":0,"2":0},"b":{}}
,"/Users/estevamfurtado/Desktop/DRIVEN/projeto22-polis/backend/src/repositories/albumPage.repository.ts": {"path":"/Users/estevamfurtado/Desktop/DRIVEN/projeto22-polis/backend/src/repositories/albumPage.repository.ts","statementMap":{"0":{"start":{"line":5,"column":11},"end":{"line":5,"column":36}},"1":{"start":{"line":13,"column":4},"end":{"line":13,"column":46}},"2":{"start":{"line":17,"column":4},"end":{"line":17,"column":45}},"3":{"start":{"line":21,"column":4},"end":{"line":21,"column":59}}},"fnMap":{"0":{"name":"create","decl":{"start":{"line":12,"column":15},"end":{"line":12,"column":21}},"loc":{"start":{"line":12,"column":45},"end":{"line":14,"column":null}}},"1":{"name":"get","decl":{"start":{"line":16,"column":15},"end":{"line":16,"column":18}},"loc":{"start":{"line":16,"column":30},"end":{"line":18,"column":null}}},"2":{"name":"update","decl":{"start":{"line":20,"column":15},"end":{"line":20,"column":21}},"loc":{"start":{"line":20,"column":57},"end":{"line":22,"column":null}}}},"branchMap":{},"s":{"0":1,"1":0,"2":0,"3":0},"f":{"0":0,"1":0,"2":0},"b":{}}
,"/Users/estevamfurtado/Desktop/DRIVEN/projeto22-polis/backend/src/repositories/candidate.repository.ts": {"path":"/Users/estevamfurtado/Desktop/DRIVEN/projeto22-polis/backend/src/repositories/candidate.repository.ts","statementMap":{"0":{"start":{"line":4,"column":11},"end":{"line":4,"column":36}},"1":{"start":{"line":12,"column":4},"end":{"line":12,"column":46}},"2":{"start":{"line":16,"column":4},"end":{"line":16,"column":45}},"3":{"start":{"line":20,"column":4},"end":{"line":20,"column":59}}},"fnMap":{"0":{"name":"create","decl":{"start":{"line":11,"column":15},"end":{"line":11,"column":21}},"loc":{"start":{"line":11,"column":45},"end":{"line":13,"column":null}}},"1":{"name":"get","decl":{"start":{"line":15,"column":15},"end":{"line":15,"column":18}},"loc":{"start":{"line":15,"column":30},"end":{"line":17,"column":null}}},"2":{"name":"update","decl":{"start":{"line":19,"column":15},"end":{"line":19,"column":21}},"loc":{"start":{"line":19,"column":57},"end":{"line":21,"column":null}}}},"branchMap":{},"s":{"0":1,"1":0,"2":0,"3":0},"f":{"0":0,"1":0,"2":0},"b":{}}
,"/Users/estevamfurtado/Desktop/DRIVEN/projeto22-polis/backend/src/repositories/candidateShortVideo.repository.ts": {"path":"/Users/estevamfurtado/Desktop/DRIVEN/projeto22-polis/backend/src/repositories/candidateShortVideo.repository.ts","statementMap":{"0":{"start":{"line":4,"column":11},"end":{"line":4,"column":46}},"1":{"start":{"line":12,"column":4},"end":{"line":12,"column":56}},"2":{"start":{"line":16,"column":4},"end":{"line":16,"column":45}},"3":{"start":{"line":20,"column":4},"end":{"line":20,"column":69}}},"fnMap":{"0":{"name":"create","decl":{"start":{"line":11,"column":15},"end":{"line":11,"column":21}},"loc":{"start":{"line":11,"column":55},"end":{"line":13,"column":null}}},"1":{"name":"get","decl":{"start":{"line":15,"column":15},"end":{"line":15,"column":18}},"loc":{"start":{"line":15,"column":30},"end":{"line":17,"column":null}}},"2":{"name":"update","decl":{"start":{"line":19,"column":15},"end":{"line":19,"column":21}},"loc":{"start":{"line":19,"column":67},"end":{"line":21,"column":null}}}},"branchMap":{},"s":{"0":1,"1":0,"2":0,"3":0},"f":{"0":0,"1":0,"2":0},"b":{}}
,"/Users/estevamfurtado/Desktop/DRIVEN/projeto22-polis/backend/src/repositories/card.repository.ts": {"path":"/Users/estevamfurtado/Desktop/DRIVEN/projeto22-polis/backend/src/repositories/card.repository.ts","statementMap":{"0":{"start":{"line":4,"column":11},"end":{"line":4,"column":31}},"1":{"start":{"line":12,"column":4},"end":{"line":12,"column":41}},"2":{"start":{"line":16,"column":4},"end":{"line":16,"column":45}},"3":{"start":{"line":20,"column":4},"end":{"line":20,"column":54}}},"fnMap":{"0":{"name":"create","decl":{"start":{"line":11,"column":15},"end":{"line":11,"column":21}},"loc":{"start":{"line":11,"column":40},"end":{"line":13,"column":null}}},"1":{"name":"get","decl":{"start":{"line":15,"column":15},"end":{"line":15,"column":18}},"loc":{"start":{"line":15,"column":30},"end":{"line":17,"column":null}}},"2":{"name":"update","decl":{"start":{"line":19,"column":15},"end":{"line":19,"column":21}},"loc":{"start":{"line":19,"column":52},"end":{"line":21,"column":null}}}},"branchMap":{},"s":{"0":1,"1":0,"2":0,"3":0},"f":{"0":0,"1":0,"2":0},"b":{}}
,"/Users/estevamfurtado/Desktop/DRIVEN/projeto22-polis/backend/src/repositories/cardModel.repository.ts": {"path":"/Users/estevamfurtado/Desktop/DRIVEN/projeto22-polis/backend/src/repositories/cardModel.repository.ts","statementMap":{"0":{"start":{"line":4,"column":11},"end":{"line":4,"column":36}},"1":{"start":{"line":12,"column":4},"end":{"line":12,"column":46}},"2":{"start":{"line":16,"column":4},"end":{"line":16,"column":45}},"3":{"start":{"line":20,"column":4},"end":{"line":20,"column":59}}},"fnMap":{"0":{"name":"create","decl":{"start":{"line":11,"column":15},"end":{"line":11,"column":21}},"loc":{"start":{"line":11,"column":45},"end":{"line":13,"column":null}}},"1":{"name":"get","decl":{"start":{"line":15,"column":15},"end":{"line":15,"column":18}},"loc":{"start":{"line":15,"column":30},"end":{"line":17,"column":null}}},"2":{"name":"update","decl":{"start":{"line":19,"column":15},"end":{"line":19,"column":21}},"loc":{"start":{"line":19,"column":57},"end":{"line":21,"column":null}}}},"branchMap":{},"s":{"0":1,"1":0,"2":0,"3":0},"f":{"0":0,"1":0,"2":0},"b":{}}
,"/Users/estevamfurtado/Desktop/DRIVEN/projeto22-polis/backend/src/repositories/contact.repository.ts": {"path":"/Users/estevamfurtado/Desktop/DRIVEN/projeto22-polis/backend/src/repositories/contact.repository.ts","statementMap":{"0":{"start":{"line":4,"column":11},"end":{"line":4,"column":34}},"1":{"start":{"line":12,"column":4},"end":{"line":12,"column":44}},"2":{"start":{"line":16,"column":4},"end":{"line":16,"column":45}},"3":{"start":{"line":20,"column":4},"end":{"line":20,"column":57}}},"fnMap":{"0":{"name":"create","decl":{"start":{"line":11,"column":15},"end":{"line":11,"column":21}},"loc":{"start":{"line":11,"column":43},"end":{"line":13,"column":null}}},"1":{"name":"get","decl":{"start":{"line":15,"column":15},"end":{"line":15,"column":18}},"loc":{"start":{"line":15,"column":30},"end":{"line":17,"column":null}}},"2":{"name":"update","decl":{"start":{"line":19,"column":15},"end":{"line":19,"column":21}},"loc":{"start":{"line":19,"column":55},"end":{"line":21,"column":null}}}},"branchMap":{},"s":{"0":1,"1":0,"2":0,"3":0},"f":{"0":0,"1":0,"2":0},"b":{}}
,"/Users/estevamfurtado/Desktop/DRIVEN/projeto22-polis/backend/src/repositories/person.repository.ts": {"path":"/Users/estevamfurtado/Desktop/DRIVEN/projeto22-polis/backend/src/repositories/person.repository.ts","statementMap":{"0":{"start":{"line":5,"column":11},"end":{"line":5,"column":33}},"1":{"start":{"line":12,"column":4},"end":{"line":12,"column":53}},"2":{"start":{"line":13,"column":21},"end":{"line":13,"column":52}},"3":{"start":{"line":14,"column":4},"end":{"line":14,"column":20}},"4":{"start":{"line":18,"column":4},"end":{"line":18,"column":45}},"5":{"start":{"line":22,"column":4},"end":{"line":22,"column":48}},"6":{"start":{"line":26,"column":4},"end":{"line":26,"column":46}},"7":{"start":{"line":30,"column":4},"end":{"line":30,"column":56}},"8":{"start":{"line":34,"column":4},"end":{"line":41,"column":7}}},"fnMap":{"0":{"name":"create","decl":{"start":{"line":11,"column":15},"end":{"line":11,"column":21}},"loc":{"start":{"line":11,"column":42},"end":{"line":15,"column":null}}},"1":{"name":"get","decl":{"start":{"line":17,"column":15},"end":{"line":17,"column":18}},"loc":{"start":{"line":17,"column":30},"end":{"line":19,"column":null}}},"2":{"name":"getByEmail","decl":{"start":{"line":21,"column":15},"end":{"line":21,"column":25}},"loc":{"start":{"line":21,"column":40},"end":{"line":23,"column":null}}},"3":{"name":"getByCpf","decl":{"start":{"line":25,"column":15},"end":{"line":25,"column":23}},"loc":{"start":{"line":25,"column":36},"end":{"line":27,"column":null}}},"4":{"name":"update","decl":{"start":{"line":29,"column":15},"end":{"line":29,"column":21}},"loc":{"start":{"line":29,"column":54},"end":{"line":31,"column":null}}},"5":{"name":"getEncryptedPassword","decl":{"start":{"line":33,"column":15},"end":{"line":33,"column":35}},"loc":{"start":{"line":33,"column":50},"end":{"line":42,"column":null}}}},"branchMap":{},"s":{"0":1,"1":1,"2":1,"3":1,"4":0,"5":4,"6":2,"7":0,"8":1},"f":{"0":1,"1":0,"2":4,"3":2,"4":0,"5":1},"b":{}}
,"/Users/estevamfurtado/Desktop/DRIVEN/projeto22-polis/backend/src/repositories/politicalParty.repository.ts": {"path":"/Users/estevamfurtado/Desktop/DRIVEN/projeto22-polis/backend/src/repositories/politicalParty.repository.ts","statementMap":{"0":{"start":{"line":4,"column":11},"end":{"line":4,"column":41}},"1":{"start":{"line":12,"column":4},"end":{"line":12,"column":51}},"2":{"start":{"line":16,"column":4},"end":{"line":16,"column":45}},"3":{"start":{"line":20,"column":4},"end":{"line":20,"column":64}},"4":{"start":{"line":24,"column":4},"end":{"line":35,"column":7}}},"fnMap":{"0":{"name":"create","decl":{"start":{"line":11,"column":15},"end":{"line":11,"column":21}},"loc":{"start":{"line":11,"column":50},"end":{"line":13,"column":null}}},"1":{"name":"get","decl":{"start":{"line":15,"column":15},"end":{"line":15,"column":18}},"loc":{"start":{"line":15,"column":30},"end":{"line":17,"column":null}}},"2":{"name":"update","decl":{"start":{"line":19,"column":15},"end":{"line":19,"column":21}},"loc":{"start":{"line":19,"column":62},"end":{"line":21,"column":null}}},"3":{"name":"getByRankingIdWithRecordsWithPoliticians","decl":{"start":{"line":23,"column":15},"end":{"line":23,"column":55}},"loc":{"start":{"line":23,"column":73},"end":{"line":36,"column":null}}}},"branchMap":{},"s":{"0":1,"1":0,"2":0,"3":0,"4":0},"f":{"0":0,"1":0,"2":0,"3":0},"b":{}}
,"/Users/estevamfurtado/Desktop/DRIVEN/projeto22-polis/backend/src/repositories/politician.repository.ts": {"path":"/Users/estevamfurtado/Desktop/DRIVEN/projeto22-polis/backend/src/repositories/politician.repository.ts","statementMap":{"0":{"start":{"line":4,"column":11},"end":{"line":4,"column":37}},"1":{"start":{"line":12,"column":4},"end":{"line":12,"column":47}},"2":{"start":{"line":16,"column":4},"end":{"line":16,"column":45}},"3":{"start":{"line":20,"column":4},"end":{"line":20,"column":60}}},"fnMap":{"0":{"name":"create","decl":{"start":{"line":11,"column":15},"end":{"line":11,"column":21}},"loc":{"start":{"line":11,"column":46},"end":{"line":13,"column":null}}},"1":{"name":"get","decl":{"start":{"line":15,"column":15},"end":{"line":15,"column":18}},"loc":{"start":{"line":15,"column":30},"end":{"line":17,"column":null}}},"2":{"name":"update","decl":{"start":{"line":19,"column":15},"end":{"line":19,"column":21}},"loc":{"start":{"line":19,"column":58},"end":{"line":21,"column":null}}}},"branchMap":{},"s":{"0":1,"1":0,"2":0,"3":0},"f":{"0":0,"1":0,"2":0},"b":{}}
,"/Users/estevamfurtado/Desktop/DRIVEN/projeto22-polis/backend/src/repositories/ranking.repository.ts": {"path":"/Users/estevamfurtado/Desktop/DRIVEN/projeto22-polis/backend/src/repositories/ranking.repository.ts","statementMap":{"0":{"start":{"line":4,"column":11},"end":{"line":4,"column":34}},"1":{"start":{"line":12,"column":4},"end":{"line":12,"column":44}},"2":{"start":{"line":16,"column":4},"end":{"line":16,"column":45}},"3":{"start":{"line":20,"column":4},"end":{"line":20,"column":47}},"4":{"start":{"line":24,"column":4},"end":{"line":24,"column":57}}},"fnMap":{"0":{"name":"create","decl":{"start":{"line":11,"column":15},"end":{"line":11,"column":21}},"loc":{"start":{"line":11,"column":43},"end":{"line":13,"column":null}}},"1":{"name":"get","decl":{"start":{"line":15,"column":15},"end":{"line":15,"column":18}},"loc":{"start":{"line":15,"column":30},"end":{"line":17,"column":null}}},"2":{"name":"getByYear","decl":{"start":{"line":19,"column":15},"end":{"line":19,"column":24}},"loc":{"start":{"line":19,"column":38},"end":{"line":21,"column":null}}},"3":{"name":"update","decl":{"start":{"line":23,"column":15},"end":{"line":23,"column":21}},"loc":{"start":{"line":23,"column":55},"end":{"line":25,"column":null}}}},"branchMap":{},"s":{"0":1,"1":0,"2":0,"3":0,"4":0},"f":{"0":0,"1":0,"2":0,"3":0},"b":{}}
,"/Users/estevamfurtado/Desktop/DRIVEN/projeto22-polis/backend/src/repositories/rankingRecord.repository.ts": {"path":"/Users/estevamfurtado/Desktop/DRIVEN/projeto22-polis/backend/src/repositories/rankingRecord.repository.ts","statementMap":{"0":{"start":{"line":4,"column":11},"end":{"line":4,"column":40}},"1":{"start":{"line":12,"column":4},"end":{"line":12,"column":50}},"2":{"start":{"line":16,"column":4},"end":{"line":16,"column":45}},"3":{"start":{"line":20,"column":4},"end":{"line":20,"column":63}}},"fnMap":{"0":{"name":"create","decl":{"start":{"line":11,"column":15},"end":{"line":11,"column":21}},"loc":{"start":{"line":11,"column":49},"end":{"line":13,"column":null}}},"1":{"name":"get","decl":{"start":{"line":15,"column":15},"end":{"line":15,"column":18}},"loc":{"start":{"line":15,"column":30},"end":{"line":17,"column":null}}},"2":{"name":"update","decl":{"start":{"line":19,"column":15},"end":{"line":19,"column":21}},"loc":{"start":{"line":19,"column":61},"end":{"line":21,"column":null}}}},"branchMap":{},"s":{"0":1,"1":0,"2":0,"3":0},"f":{"0":0,"1":0,"2":0},"b":{}}
,"/Users/estevamfurtado/Desktop/DRIVEN/projeto22-polis/backend/src/repositories/reaction.repository.ts": {"path":"/Users/estevamfurtado/Desktop/DRIVEN/projeto22-polis/backend/src/repositories/reaction.repository.ts","statementMap":{"0":{"start":{"line":4,"column":11},"end":{"line":4,"column":35}},"1":{"start":{"line":12,"column":4},"end":{"line":12,"column":45}},"2":{"start":{"line":16,"column":4},"end":{"line":16,"column":45}},"3":{"start":{"line":20,"column":4},"end":{"line":20,"column":58}}},"fnMap":{"0":{"name":"create","decl":{"start":{"line":11,"column":15},"end":{"line":11,"column":21}},"loc":{"start":{"line":11,"column":44},"end":{"line":13,"column":null}}},"1":{"name":"get","decl":{"start":{"line":15,"column":15},"end":{"line":15,"column":18}},"loc":{"start":{"line":15,"column":30},"end":{"line":17,"column":null}}},"2":{"name":"update","decl":{"start":{"line":19,"column":15},"end":{"line":19,"column":21}},"loc":{"start":{"line":19,"column":56},"end":{"line":21,"column":null}}}},"branchMap":{},"s":{"0":1,"1":0,"2":0,"3":0},"f":{"0":0,"1":0,"2":0},"b":{}}
,"/Users/estevamfurtado/Desktop/DRIVEN/projeto22-polis/backend/src/repositories/state.repository.ts": {"path":"/Users/estevamfurtado/Desktop/DRIVEN/projeto22-polis/backend/src/repositories/state.repository.ts","statementMap":{"0":{"start":{"line":4,"column":11},"end":{"line":4,"column":32}},"1":{"start":{"line":12,"column":4},"end":{"line":12,"column":42}},"2":{"start":{"line":16,"column":4},"end":{"line":16,"column":45}},"3":{"start":{"line":20,"column":4},"end":{"line":20,"column":55}},"4":{"start":{"line":24,"column":4},"end":{"line":24,"column":55}}},"fnMap":{"0":{"name":"create","decl":{"start":{"line":11,"column":15},"end":{"line":11,"column":21}},"loc":{"start":{"line":11,"column":41},"end":{"line":13,"column":null}}},"1":{"name":"get","decl":{"start":{"line":15,"column":15},"end":{"line":15,"column":18}},"loc":{"start":{"line":15,"column":30},"end":{"line":17,"column":null}}},"2":{"name":"update","decl":{"start":{"line":19,"column":15},"end":{"line":19,"column":21}},"loc":{"start":{"line":19,"column":53},"end":{"line":21,"column":null}}},"3":{"name":"getByAbbreviation","decl":{"start":{"line":23,"column":15},"end":{"line":23,"column":32}},"loc":{"start":{"line":23,"column":54},"end":{"line":25,"column":null}}}},"branchMap":{},"s":{"0":1,"1":0,"2":0,"3":0,"4":2},"f":{"0":0,"1":0,"2":0,"3":2},"b":{}}
,"/Users/estevamfurtado/Desktop/DRIVEN/projeto22-polis/backend/src/repositories/sticker.repository.ts": {"path":"/Users/estevamfurtado/Desktop/DRIVEN/projeto22-polis/backend/src/repositories/sticker.repository.ts","statementMap":{"0":{"start":{"line":4,"column":11},"end":{"line":4,"column":34}},"1":{"start":{"line":12,"column":4},"end":{"line":12,"column":44}},"2":{"start":{"line":16,"column":4},"end":{"line":16,"column":45}},"3":{"start":{"line":20,"column":4},"end":{"line":20,"column":57}}},"fnMap":{"0":{"name":"create","decl":{"start":{"line":11,"column":15},"end":{"line":11,"column":21}},"loc":{"start":{"line":11,"column":43},"end":{"line":13,"column":null}}},"1":{"name":"get","decl":{"start":{"line":15,"column":15},"end":{"line":15,"column":18}},"loc":{"start":{"line":15,"column":30},"end":{"line":17,"column":null}}},"2":{"name":"update","decl":{"start":{"line":19,"column":15},"end":{"line":19,"column":21}},"loc":{"start":{"line":19,"column":55},"end":{"line":21,"column":null}}}},"branchMap":{},"s":{"0":1,"1":0,"2":0,"3":0},"f":{"0":0,"1":0,"2":0},"b":{}}
,"/Users/estevamfurtado/Desktop/DRIVEN/projeto22-polis/backend/src/repositories/userAlbum.repository.ts": {"path":"/Users/estevamfurtado/Desktop/DRIVEN/projeto22-polis/backend/src/repositories/userAlbum.repository.ts","statementMap":{"0":{"start":{"line":4,"column":11},"end":{"line":4,"column":36}},"1":{"start":{"line":12,"column":4},"end":{"line":12,"column":46}},"2":{"start":{"line":16,"column":4},"end":{"line":16,"column":45}},"3":{"start":{"line":20,"column":4},"end":{"line":20,"column":59}}},"fnMap":{"0":{"name":"create","decl":{"start":{"line":11,"column":15},"end":{"line":11,"column":21}},"loc":{"start":{"line":11,"column":45},"end":{"line":13,"column":null}}},"1":{"name":"get","decl":{"start":{"line":15,"column":15},"end":{"line":15,"column":18}},"loc":{"start":{"line":15,"column":30},"end":{"line":17,"column":null}}},"2":{"name":"update","decl":{"start":{"line":19,"column":15},"end":{"line":19,"column":21}},"loc":{"start":{"line":19,"column":57},"end":{"line":21,"column":null}}}},"branchMap":{},"s":{"0":1,"1":0,"2":0,"3":0},"f":{"0":0,"1":0,"2":0},"b":{}}
,"/Users/estevamfurtado/Desktop/DRIVEN/projeto22-polis/backend/src/routers/album.router.ts": {"path":"/Users/estevamfurtado/Desktop/DRIVEN/projeto22-polis/backend/src/routers/album.router.ts","statementMap":{"0":{"start":{"line":6,"column":15},"end":{"line":6,"column":23}},"1":{"start":{"line":8,"column":0},"end":{"line":12,"column":2}}},"fnMap":{},"branchMap":{},"s":{"0":1,"1":1},"f":{},"b":{}}
,"/Users/estevamfurtado/Desktop/DRIVEN/projeto22-polis/backend/src/routers/auth.router.ts": {"path":"/Users/estevamfurtado/Desktop/DRIVEN/projeto22-polis/backend/src/routers/auth.router.ts","statementMap":{"0":{"start":{"line":6,"column":15},"end":{"line":6,"column":23}},"1":{"start":{"line":8,"column":0},"end":{"line":13,"column":2}},"2":{"start":{"line":15,"column":0},"end":{"line":20,"column":2}}},"fnMap":{},"branchMap":{},"s":{"0":1,"1":1,"2":1},"f":{},"b":{}}
,"/Users/estevamfurtado/Desktop/DRIVEN/projeto22-polis/backend/src/routers/index.ts": {"path":"/Users/estevamfurtado/Desktop/DRIVEN/projeto22-polis/backend/src/routers/index.ts","statementMap":{"0":{"start":{"line":10,"column":15},"end":{"line":10,"column":23}},"1":{"start":{"line":12,"column":0},"end":{"line":12,"column":28}},"2":{"start":{"line":13,"column":0},"end":{"line":13,"column":26}},"3":{"start":{"line":14,"column":0},"end":{"line":14,"column":26}},"4":{"start":{"line":15,"column":0},"end":{"line":15,"column":32}},"5":{"start":{"line":16,"column":0},"end":{"line":16,"column":30}},"6":{"start":{"line":17,"column":0},"end":{"line":17,"column":26}}},"fnMap":{},"branchMap":{},"s":{"0":1,"1":1,"2":1,"3":1,"4":1,"5":1,"6":1},"f":{},"b":{}}
,"/Users/estevamfurtado/Desktop/DRIVEN/projeto22-polis/backend/src/routers/ranking.router.ts": {"path":"/Users/estevamfurtado/Desktop/DRIVEN/projeto22-polis/backend/src/routers/ranking.router.ts","statementMap":{"0":{"start":{"line":6,"column":15},"end":{"line":6,"column":23}},"1":{"start":{"line":9,"column":0},"end":{"line":13,"column":2}},"2":{"start":{"line":16,"column":0},"end":{"line":20,"column":2}}},"fnMap":{},"branchMap":{},"s":{"0":1,"1":1,"2":1},"f":{},"b":{}}
,"/Users/estevamfurtado/Desktop/DRIVEN/projeto22-polis/backend/src/routers/tinder.router.ts": {"path":"/Users/estevamfurtado/Desktop/DRIVEN/projeto22-polis/backend/src/routers/tinder.router.ts","statementMap":{"0":{"start":{"line":6,"column":15},"end":{"line":6,"column":23}},"1":{"start":{"line":8,"column":0},"end":{"line":12,"column":2}},"2":{"start":{"line":14,"column":0},"end":{"line":20,"column":2}},"3":{"start":{"line":22,"column":0},"end":{"line":28,"column":2}}},"fnMap":{},"branchMap":{},"s":{"0":1,"1":1,"2":1,"3":1},"f":{},"b":{}}
,"/Users/estevamfurtado/Desktop/DRIVEN/projeto22-polis/backend/src/routers/user.router.ts": {"path":"/Users/estevamfurtado/Desktop/DRIVEN/projeto22-polis/backend/src/routers/user.router.ts","statementMap":{"0":{"start":{"line":6,"column":15},"end":{"line":6,"column":23}},"1":{"start":{"line":8,"column":0},"end":{"line":14,"column":2}},"2":{"start":{"line":16,"column":0},"end":{"line":20,"column":2}},"3":{"start":{"line":22,"column":0},"end":{"line":28,"column":2}},"4":{"start":{"line":30,"column":0},"end":{"line":36,"column":2}},"5":{"start":{"line":39,"column":0},"end":{"line":43,"column":2}}},"fnMap":{},"branchMap":{},"s":{"0":1,"1":1,"2":1,"3":1,"4":1,"5":1},"f":{},"b":{}}
,"/Users/estevamfurtado/Desktop/DRIVEN/projeto22-polis/backend/src/schemas/index.ts": {"path":"/Users/estevamfurtado/Desktop/DRIVEN/projeto22-polis/backend/src/schemas/index.ts","statementMap":{"0":{"start":{"line":4,"column":50},"end":{"line":4,"column":56}},"1":{"start":{"line":6,"column":22},"end":{"line":22,"column":11}},"2":{"start":{"line":25,"column":22},"end":{"line":28,"column":11}},"3":{"start":{"line":30,"column":23},"end":{"line":43,"column":11}},"4":{"start":{"line":45,"column":29},"end":{"line":51,"column":11}},"5":{"start":{"line":53,"column":28},"end":{"line":59,"column":11}},"6":{"start":{"line":61,"column":24},"end":{"line":65,"column":11}},"7":{"start":{"line":67,"column":25},"end":{"line":72,"column":11}}},"fnMap":{},"branchMap":{},"s":{"0":1,"1":1,"2":1,"3":1,"4":1,"5":1,"6":1,"7":1},"f":{},"b":{}}
,"/Users/estevamfurtado/Desktop/DRIVEN/projeto22-polis/backend/src/services/album.service.ts": {"path":"/Users/estevamfurtado/Desktop/DRIVEN/projeto22-polis/backend/src/services/album.service.ts","statementMap":{"0":{"start":{"line":11,"column":13},"end":{"line":11,"column":24}},"1":{"start":{"line":14,"column":19},"end":{"line":14,"column":37}},"2":{"start":{"line":15,"column":4},"end":{"line":17,"column":null}},"3":{"start":{"line":16,"column":8},"end":{"line":16,"column":70}},"4":{"start":{"line":18,"column":4},"end":{"line":18,"column":18}},"5":{"start":{"line":22,"column":19},"end":{"line":22,"column":43}},"6":{"start":{"line":23,"column":4},"end":{"line":25,"column":null}},"7":{"start":{"line":24,"column":8},"end":{"line":24,"column":100}},"8":{"start":{"line":26,"column":4},"end":{"line":26,"column":18}},"9":{"start":{"line":30,"column":20},"end":{"line":30,"column":68}},"10":{"start":{"line":31,"column":18},"end":{"line":31,"column":88}},"11":{"start":{"line":32,"column":4},"end":{"line":32,"column":70}}},"fnMap":{"0":{"name":"validateOrCrash","decl":{"start":{"line":13,"column":15},"end":{"line":13,"column":30}},"loc":{"start":{"line":13,"column":42},"end":{"line":19,"column":null}}},"1":{"name":"createOrCrash","decl":{"start":{"line":21,"column":15},"end":{"line":21,"column":28}},"loc":{"start":{"line":21,"column":48},"end":{"line":27,"column":null}}},"2":{"name":"createYearBaseModel","decl":{"start":{"line":29,"column":15},"end":{"line":29,"column":34}},"loc":{"start":{"line":29,"column":48},"end":{"line":33,"column":null}}}},"branchMap":{"0":{"loc":{"start":{"line":15,"column":4},"end":{"line":17,"column":null}},"type":"if","locations":[{"start":{"line":15,"column":4},"end":{"line":17,"column":null}}]},"1":{"loc":{"start":{"line":23,"column":4},"end":{"line":25,"column":null}},"type":"if","locations":[{"start":{"line":23,"column":4},"end":{"line":25,"column":null}}]}},"s":{"0":1,"1":0,"2":0,"3":0,"4":0,"5":0,"6":0,"7":0,"8":0,"9":0,"10":0,"11":0},"f":{"0":0,"1":0,"2":0},"b":{"0":[0],"1":[0]}}
,"/Users/estevamfurtado/Desktop/DRIVEN/projeto22-polis/backend/src/services/albumPage.service.ts": {"path":"/Users/estevamfurtado/Desktop/DRIVEN/projeto22-polis/backend/src/services/albumPage.service.ts","statementMap":{"0":{"start":{"line":14,"column":13},"end":{"line":14,"column":28}},"1":{"start":{"line":17,"column":19},"end":{"line":17,"column":37}},"2":{"start":{"line":18,"column":4},"end":{"line":20,"column":null}},"3":{"start":{"line":19,"column":8},"end":{"line":19,"column":74}},"4":{"start":{"line":21,"column":4},"end":{"line":21,"column":18}},"5":{"start":{"line":25,"column":20},"end":{"line":25,"column":78}},"6":{"start":{"line":26,"column":24},"end":{"line":26,"column":28}},"7":{"start":{"line":28,"column":4},"end":{"line":31,"column":null}},"8":{"start":{"line":29,"column":21},"end":{"line":29,"column":85}},"9":{"start":{"line":30,"column":8},"end":{"line":30,"column":32}},"10":{"start":{"line":36,"column":27},"end":{"line":38,"column":10}},"11":{"start":{"line":40,"column":17},"end":{"line":45,"column":null}},"12":{"start":{"line":48,"column":4},"end":{"line":48,"column":93}},"13":{"start":{"line":49,"column":4},"end":{"line":49,"column":16}}},"fnMap":{"0":{"name":"validateOrCrash","decl":{"start":{"line":16,"column":15},"end":{"line":16,"column":30}},"loc":{"start":{"line":16,"column":42},"end":{"line":22,"column":null}}},"1":{"name":"createAlbumBasePages","decl":{"start":{"line":24,"column":15},"end":{"line":24,"column":35}},"loc":{"start":{"line":24,"column":70},"end":{"line":32,"column":null}}},"2":{"name":"createChainedPartyAlbumPage","decl":{"start":{"line":34,"column":15},"end":{"line":34,"column":42}},"loc":{"start":{"line":34,"column":94},"end":{"line":50,"column":null}}}},"branchMap":{"0":{"loc":{"start":{"line":18,"column":4},"end":{"line":20,"column":null}},"type":"if","locations":[{"start":{"line":18,"column":4},"end":{"line":20,"column":null}}]},"1":{"loc":{"start":{"line":36,"column":27},"end":{"line":38,"column":10}},"type":"cond-expr","locations":[{"start":{"line":36,"column":43},"end":{"line":38,"column":6}},{"start":{"line":38,"column":8},"end":{"line":38,"column":10}}]},"2":{"loc":{"start":{"line":44,"column":25},"end":{"line":44,"column":62}},"type":"cond-expr","locations":[{"start":{"line":44,"column":39},"end":{"line":44,"column":50}},{"start":{"line":44,"column":53},"end":{"line":44,"column":62}}]}},"s":{"0":1,"1":0,"2":0,"3":0,"4":0,"5":0,"6":0,"7":0,"8":0,"9":0,"10":0,"11":0,"12":0,"13":0},"f":{"0":0,"1":0,"2":0},"b":{"0":[0],"1":[0,0],"2":[0,0]}}
,"/Users/estevamfurtado/Desktop/DRIVEN/projeto22-polis/backend/src/services/auth.service.ts": {"path":"/Users/estevamfurtado/Desktop/DRIVEN/projeto22-polis/backend/src/services/auth.service.ts","statementMap":{"0":{"start":{"line":15,"column":4},"end":{"line":15,"column":45}},"1":{"start":{"line":17,"column":4},"end":{"line":17,"column":57}},"2":{"start":{"line":18,"column":4},"end":{"line":18,"column":83}},"3":{"start":{"line":19,"column":4},"end":{"line":19,"column":75}},"4":{"start":{"line":20,"column":4},"end":{"line":20,"column":38}},"5":{"start":{"line":22,"column":4},"end":{"line":22,"column":61}},"6":{"start":{"line":23,"column":4},"end":{"line":23,"column":56}},"7":{"start":{"line":25,"column":4},"end":{"line":25,"column":53}},"8":{"start":{"line":27,"column":20},"end":{"line":27,"column":60}},"9":{"start":{"line":28,"column":4},"end":{"line":30,"column":null}},"10":{"start":{"line":29,"column":8},"end":{"line":29,"column":56}},"11":{"start":{"line":34,"column":4},"end":{"line":34,"column":45}},"12":{"start":{"line":35,"column":17},"end":{"line":35,"column":69}},"13":{"start":{"line":36,"column":30},"end":{"line":36,"column":93}},"14":{"start":{"line":37,"column":4},"end":{"line":37,"column":100}},"15":{"start":{"line":38,"column":18},"end":{"line":38,"column":40}},"16":{"start":{"line":39,"column":4},"end":{"line":39,"column":17}},"17":{"start":{"line":43,"column":20},"end":{"line":43,"column":53}},"18":{"start":{"line":44,"column":4},"end":{"line":46,"column":null}},"19":{"start":{"line":45,"column":8},"end":{"line":45,"column":53}},"20":{"start":{"line":47,"column":4},"end":{"line":47,"column":19}}},"fnMap":{"0":{"name":"signUp","decl":{"start":{"line":13,"column":15},"end":{"line":13,"column":21}},"loc":{"start":{"line":13,"column":56},"end":{"line":31,"column":null}}},"1":{"name":"signIn","decl":{"start":{"line":33,"column":15},"end":{"line":33,"column":21}},"loc":{"start":{"line":33,"column":63},"end":{"line":40,"column":null}}},"2":{"name":"validateTokenOrCrash","decl":{"start":{"line":42,"column":9},"end":{"line":42,"column":29}},"loc":{"start":{"line":42,"column":44},"end":{"line":48,"column":1}}}},"branchMap":{"0":{"loc":{"start":{"line":28,"column":4},"end":{"line":30,"column":null}},"type":"if","locations":[{"start":{"line":28,"column":4},"end":{"line":30,"column":null}}]},"1":{"loc":{"start":{"line":37,"column":66},"end":{"line":37,"column":98}},"type":"cond-expr","locations":[{"start":{"line":37,"column":92},"end":{"line":37,"column":96}},{"start":{"line":37,"column":96},"end":{"line":37,"column":98}}]},"2":{"loc":{"start":{"line":37,"column":66},"end":{"line":37,"column":96}},"type":"binary-expr","locations":[{"start":{"line":37,"column":66},"end":{"line":37,"column":96}},{"start":{"line":37,"column":92},"end":{"line":37,"column":96}}]},"3":{"loc":{"start":{"line":44,"column":4},"end":{"line":46,"column":null}},"type":"if","locations":[{"start":{"line":44,"column":4},"end":{"line":46,"column":null}}]}},"s":{"0":3,"1":3,"2":2,"3":2,"4":2,"5":2,"6":2,"7":2,"8":1,"9":1,"10":0,"11":1,"12":1,"13":1,"14":1,"15":1,"16":1,"17":0,"18":0,"19":0,"20":0},"f":{"0":3,"1":1,"2":0},"b":{"0":[0],"1":[1,0],"2":[1,1],"3":[0]}}
,"/Users/estevamfurtado/Desktop/DRIVEN/projeto22-polis/backend/src/services/candidate.service.ts": {"path":"/Users/estevamfurtado/Desktop/DRIVEN/projeto22-polis/backend/src/services/candidate.service.ts","statementMap":{"0":{"start":{"line":9,"column":13},"end":{"line":9,"column":28}},"1":{"start":{"line":12,"column":19},"end":{"line":12,"column":37}},"2":{"start":{"line":13,"column":4},"end":{"line":15,"column":null}},"3":{"start":{"line":14,"column":8},"end":{"line":14,"column":74}},"4":{"start":{"line":16,"column":4},"end":{"line":16,"column":18}}},"fnMap":{"0":{"name":"validateOrCrash","decl":{"start":{"line":11,"column":15},"end":{"line":11,"column":30}},"loc":{"start":{"line":11,"column":42},"end":{"line":17,"column":null}}}},"branchMap":{"0":{"loc":{"start":{"line":13,"column":4},"end":{"line":15,"column":null}},"type":"if","locations":[{"start":{"line":13,"column":4},"end":{"line":15,"column":null}}]}},"s":{"0":1,"1":0,"2":0,"3":0,"4":0},"f":{"0":0},"b":{"0":[0]}}
,"/Users/estevamfurtado/Desktop/DRIVEN/projeto22-polis/backend/src/services/candidateShortVideo.service.ts": {"path":"/Users/estevamfurtado/Desktop/DRIVEN/projeto22-polis/backend/src/services/candidateShortVideo.service.ts","statementMap":{"0":{"start":{"line":9,"column":13},"end":{"line":9,"column":38}},"1":{"start":{"line":12,"column":19},"end":{"line":12,"column":37}},"2":{"start":{"line":13,"column":4},"end":{"line":15,"column":null}},"3":{"start":{"line":14,"column":8},"end":{"line":14,"column":84}},"4":{"start":{"line":16,"column":4},"end":{"line":16,"column":18}}},"fnMap":{"0":{"name":"validateOrCrash","decl":{"start":{"line":11,"column":15},"end":{"line":11,"column":30}},"loc":{"start":{"line":11,"column":42},"end":{"line":17,"column":null}}}},"branchMap":{"0":{"loc":{"start":{"line":13,"column":4},"end":{"line":15,"column":null}},"type":"if","locations":[{"start":{"line":13,"column":4},"end":{"line":15,"column":null}}]}},"s":{"0":1,"1":0,"2":0,"3":0,"4":0},"f":{"0":0},"b":{"0":[0]}}
,"/Users/estevamfurtado/Desktop/DRIVEN/projeto22-polis/backend/src/services/card.service.ts": {"path":"/Users/estevamfurtado/Desktop/DRIVEN/projeto22-polis/backend/src/services/card.service.ts","statementMap":{"0":{"start":{"line":9,"column":13},"end":{"line":9,"column":23}},"1":{"start":{"line":12,"column":19},"end":{"line":12,"column":37}},"2":{"start":{"line":13,"column":4},"end":{"line":15,"column":null}},"3":{"start":{"line":14,"column":8},"end":{"line":14,"column":69}},"4":{"start":{"line":16,"column":4},"end":{"line":16,"column":18}}},"fnMap":{"0":{"name":"validateOrCrash","decl":{"start":{"line":11,"column":15},"end":{"line":11,"column":30}},"loc":{"start":{"line":11,"column":42},"end":{"line":17,"column":null}}},"1":{"name":"createRandomNewCards","decl":{"start":{"line":19,"column":15},"end":{"line":19,"column":35}},"loc":{"start":{"line":19,"column":69},"end":{"line":20,"column":null}}}},"branchMap":{"0":{"loc":{"start":{"line":13,"column":4},"end":{"line":15,"column":null}},"type":"if","locations":[{"start":{"line":13,"column":4},"end":{"line":15,"column":null}}]}},"s":{"0":1,"1":0,"2":0,"3":0,"4":0},"f":{"0":0,"1":0},"b":{"0":[0]}}
,"/Users/estevamfurtado/Desktop/DRIVEN/projeto22-polis/backend/src/services/cardModel.service.ts": {"path":"/Users/estevamfurtado/Desktop/DRIVEN/projeto22-polis/backend/src/services/cardModel.service.ts","statementMap":{"0":{"start":{"line":9,"column":13},"end":{"line":9,"column":28}},"1":{"start":{"line":12,"column":19},"end":{"line":12,"column":37}},"2":{"start":{"line":13,"column":4},"end":{"line":15,"column":null}},"3":{"start":{"line":14,"column":8},"end":{"line":14,"column":74}},"4":{"start":{"line":16,"column":4},"end":{"line":16,"column":18}},"5":{"start":{"line":20,"column":22},"end":{"line":23,"column":6}},"6":{"start":{"line":24,"column":4},"end":{"line":24,"column":21}}},"fnMap":{"0":{"name":"validateOrCrash","decl":{"start":{"line":11,"column":15},"end":{"line":11,"column":30}},"loc":{"start":{"line":11,"column":42},"end":{"line":17,"column":null}}},"1":{"name":"createByRankingRecord","decl":{"start":{"line":19,"column":15},"end":{"line":19,"column":36}},"loc":{"start":{"line":19,"column":49},"end":{"line":25,"column":null}}}},"branchMap":{"0":{"loc":{"start":{"line":13,"column":4},"end":{"line":15,"column":null}},"type":"if","locations":[{"start":{"line":13,"column":4},"end":{"line":15,"column":null}}]}},"s":{"0":1,"1":0,"2":0,"3":0,"4":0,"5":0,"6":0},"f":{"0":0,"1":0},"b":{"0":[0]}}
,"/Users/estevamfurtado/Desktop/DRIVEN/projeto22-polis/backend/src/services/contact.service.ts": {"path":"/Users/estevamfurtado/Desktop/DRIVEN/projeto22-polis/backend/src/services/contact.service.ts","statementMap":{"0":{"start":{"line":9,"column":13},"end":{"line":9,"column":26}},"1":{"start":{"line":12,"column":19},"end":{"line":12,"column":37}},"2":{"start":{"line":13,"column":4},"end":{"line":15,"column":null}},"3":{"start":{"line":14,"column":8},"end":{"line":14,"column":72}},"4":{"start":{"line":16,"column":4},"end":{"line":16,"column":18}}},"fnMap":{"0":{"name":"validateOrCrash","decl":{"start":{"line":11,"column":15},"end":{"line":11,"column":30}},"loc":{"start":{"line":11,"column":42},"end":{"line":17,"column":null}}}},"branchMap":{"0":{"loc":{"start":{"line":13,"column":4},"end":{"line":15,"column":null}},"type":"if","locations":[{"start":{"line":13,"column":4},"end":{"line":15,"column":null}}]}},"s":{"0":1,"1":0,"2":0,"3":0,"4":0},"f":{"0":0},"b":{"0":[0]}}
,"/Users/estevamfurtado/Desktop/DRIVEN/projeto22-polis/backend/src/services/person.service.ts": {"path":"/Users/estevamfurtado/Desktop/DRIVEN/projeto22-polis/backend/src/services/person.service.ts","statementMap":{"0":{"start":{"line":12,"column":13},"end":{"line":12,"column":25}},"1":{"start":{"line":14,"column":19},"end":{"line":14,"column":20}},"2":{"start":{"line":17,"column":19},"end":{"line":17,"column":53}},"3":{"start":{"line":18,"column":4},"end":{"line":18,"column":26}},"4":{"start":{"line":22,"column":19},"end":{"line":22,"column":53}},"5":{"start":{"line":23,"column":4},"end":{"line":25,"column":null}},"6":{"start":{"line":24,"column":8},"end":{"line":24,"column":71}},"7":{"start":{"line":26,"column":4},"end":{"line":26,"column":18}},"8":{"start":{"line":30,"column":4},"end":{"line":30,"column":50}},"9":{"start":{"line":31,"column":19},"end":{"line":31,"column":44}},"10":{"start":{"line":32,"column":4},"end":{"line":34,"column":null}},"11":{"start":{"line":33,"column":8},"end":{"line":33,"column":57}},"12":{"start":{"line":35,"column":4},"end":{"line":35,"column":18}},"13":{"start":{"line":39,"column":4},"end":{"line":39,"column":64}},"14":{"start":{"line":40,"column":19},"end":{"line":40,"column":59}},"15":{"start":{"line":41,"column":4},"end":{"line":43,"column":null}},"16":{"start":{"line":42,"column":8},"end":{"line":42,"column":77}},"17":{"start":{"line":47,"column":19},"end":{"line":47,"column":55}},"18":{"start":{"line":48,"column":4},"end":{"line":50,"column":null}},"19":{"start":{"line":49,"column":8},"end":{"line":49,"column":73}},"20":{"start":{"line":54,"column":19},"end":{"line":54,"column":59}},"21":{"start":{"line":55,"column":4},"end":{"line":57,"column":null}},"22":{"start":{"line":56,"column":8},"end":{"line":56,"column":77}},"23":{"start":{"line":58,"column":4},"end":{"line":58,"column":18}},"24":{"start":{"line":63,"column":4},"end":{"line":63,"column":63}},"25":{"start":{"line":65,"column":20},"end":{"line":65,"column":69}},"26":{"start":{"line":66,"column":4},"end":{"line":68,"column":null}},"27":{"start":{"line":67,"column":8},"end":{"line":67,"column":56}},"28":{"start":{"line":72,"column":21},"end":{"line":72,"column":42}},"29":{"start":{"line":73,"column":4},"end":{"line":76,"column":null}},"30":{"start":{"line":74,"column":8},"end":{"line":74,"column":28}},"31":{"start":{"line":75,"column":8},"end":{"line":75,"column":57}},"32":{"start":{"line":80,"column":19},"end":{"line":80,"column":44}},"33":{"start":{"line":81,"column":4},"end":{"line":88,"column":null}},"34":{"start":{"line":82,"column":21},"end":{"line":82,"column":88}},"35":{"start":{"line":83,"column":8},"end":{"line":83,"column":31}},"36":{"start":{"line":84,"column":8},"end":{"line":84,"column":53}},"37":{"start":{"line":85,"column":8},"end":{"line":85,"column":77}},"38":{"start":{"line":87,"column":8},"end":{"line":87,"column":53}}},"fnMap":{"0":{"name":"get","decl":{"start":{"line":16,"column":15},"end":{"line":16,"column":18}},"loc":{"start":{"line":16,"column":30},"end":{"line":19,"column":null}}},"1":{"name":"validateOrCrash","decl":{"start":{"line":21,"column":15},"end":{"line":21,"column":30}},"loc":{"start":{"line":21,"column":42},"end":{"line":27,"column":null}}},"2":{"name":"createOrCrash","decl":{"start":{"line":29,"column":15},"end":{"line":29,"column":28}},"loc":{"start":{"line":29,"column":49},"end":{"line":36,"column":null}}},"3":{"name":"findByEmailAndCrash","decl":{"start":{"line":38,"column":15},"end":{"line":38,"column":34}},"loc":{"start":{"line":38,"column":49},"end":{"line":44,"column":null}}},"4":{"name":"findByCpfAndCrash","decl":{"start":{"line":46,"column":15},"end":{"line":46,"column":32}},"loc":{"start":{"line":46,"column":45},"end":{"line":51,"column":null}}},"5":{"name":"findByEmailOrCrash","decl":{"start":{"line":53,"column":15},"end":{"line":53,"column":33}},"loc":{"start":{"line":53,"column":48},"end":{"line":59,"column":null}}},"6":{"name":"validatePasswordOrCrash","decl":{"start":{"line":61,"column":15},"end":{"line":61,"column":38}},"loc":{"start":{"line":61,"column":83},"end":{"line":69,"column":null}}},"7":{"name":"referredNewUser","decl":{"start":{"line":71,"column":15},"end":{"line":71,"column":30}},"loc":{"start":{"line":71,"column":50},"end":{"line":77,"column":null}}},"8":{"name":"openPacks","decl":{"start":{"line":79,"column":15},"end":{"line":79,"column":24}},"loc":{"start":{"line":79,"column":52},"end":{"line":89,"column":null}}}},"branchMap":{"0":{"loc":{"start":{"line":18,"column":11},"end":{"line":18,"column":25}},"type":"cond-expr","locations":[{"start":{"line":18,"column":11},"end":{"line":18,"column":17}},{"start":{"line":18,"column":21},"end":{"line":18,"column":25}}]},"1":{"loc":{"start":{"line":18,"column":11},"end":{"line":18,"column":21}},"type":"binary-expr","locations":[{"start":{"line":18,"column":11},"end":{"line":18,"column":21}},{"start":{"line":18,"column":11},"end":{"line":18,"column":21}}]},"2":{"loc":{"start":{"line":23,"column":4},"end":{"line":25,"column":null}},"type":"if","locations":[{"start":{"line":23,"column":4},"end":{"line":25,"column":null}}]},"3":{"loc":{"start":{"line":32,"column":4},"end":{"line":34,"column":null}},"type":"if","locations":[{"start":{"line":32,"column":4},"end":{"line":34,"column":null}}]},"4":{"loc":{"start":{"line":41,"column":4},"end":{"line":43,"column":null}},"type":"if","locations":[{"start":{"line":41,"column":4},"end":{"line":43,"column":null}}]},"5":{"loc":{"start":{"line":48,"column":4},"end":{"line":50,"column":null}},"type":"if","locations":[{"start":{"line":48,"column":4},"end":{"line":50,"column":null}}]},"6":{"loc":{"start":{"line":55,"column":4},"end":{"line":57,"column":null}},"type":"if","locations":[{"start":{"line":55,"column":4},"end":{"line":57,"column":null}}]},"7":{"loc":{"start":{"line":66,"column":4},"end":{"line":68,"column":null}},"type":"if","locations":[{"start":{"line":66,"column":4},"end":{"line":68,"column":null}}]},"8":{"loc":{"start":{"line":73,"column":4},"end":{"line":76,"column":null}},"type":"if","locations":[{"start":{"line":73,"column":4},"end":{"line":76,"column":null}}]},"9":{"loc":{"start":{"line":81,"column":4},"end":{"line":88,"column":null}},"type":"if","locations":[{"start":{"line":81,"column":4},"end":{"line":88,"column":null}},{"start":{"line":86,"column":11},"end":{"line":88,"column":null}}]},"10":{"loc":{"start":{"line":82,"column":21},"end":{"line":82,"column":88}},"type":"cond-expr","locations":[{"start":{"line":82,"column":30},"end":{"line":82,"column":72}},{"start":{"line":82,"column":76},"end":{"line":82,"column":88}}]},"11":{"loc":{"start":{"line":82,"column":30},"end":{"line":82,"column":72}},"type":"cond-expr","locations":[{"start":{"line":82,"column":53},"end":{"line":82,"column":58}},{"start":{"line":82,"column":60},"end":{"line":82,"column":72}}]}},"s":{"0":1,"1":1,"2":0,"3":0,"4":0,"5":0,"6":0,"7":0,"8":1,"9":1,"10":1,"11":0,"12":1,"13":3,"14":3,"15":3,"16":1,"17":2,"18":2,"19":1,"20":1,"21":1,"22":0,"23":1,"24":1,"25":1,"26":1,"27":0,"28":0,"29":0,"30":0,"31":0,"32":0,"33":0,"34":0,"35":0,"36":0,"37":0,"38":0},"f":{"0":0,"1":0,"2":1,"3":3,"4":2,"5":1,"6":1,"7":0,"8":0},"b":{"0":[0,0],"1":[0,0],"2":[0],"3":[0],"4":[1],"5":[1],"6":[0],"7":[0],"8":[0],"9":[0,0],"10":[0,0],"11":[0,0]}}
,"/Users/estevamfurtado/Desktop/DRIVEN/projeto22-polis/backend/src/services/politicalParty.service.ts": {"path":"/Users/estevamfurtado/Desktop/DRIVEN/projeto22-polis/backend/src/services/politicalParty.service.ts","statementMap":{"0":{"start":{"line":9,"column":13},"end":{"line":9,"column":33}},"1":{"start":{"line":12,"column":19},"end":{"line":12,"column":37}},"2":{"start":{"line":13,"column":4},"end":{"line":15,"column":null}},"3":{"start":{"line":14,"column":8},"end":{"line":14,"column":79}},"4":{"start":{"line":16,"column":4},"end":{"line":16,"column":18}},"5":{"start":{"line":20,"column":20},"end":{"line":20,"column":82}},"6":{"start":{"line":21,"column":30},"end":{"line":25,"column":10}},"7":{"start":{"line":22,"column":25},"end":{"line":22,"column":56}},"8":{"start":{"line":24,"column":12},"end":{"line":24,"column":73}},"9":{"start":{"line":27,"column":26},"end":{"line":27,"column":95}},"10":{"start":{"line":27,"column":59},"end":{"line":27,"column":94}},"11":{"start":{"line":28,"column":44},"end":{"line":31,"column":6}},"12":{"start":{"line":29,"column":8},"end":{"line":29,"column":96}},"13":{"start":{"line":29,"column":67},"end":{"line":29,"column":94}},"14":{"start":{"line":30,"column":8},"end":{"line":30,"column":21}},"15":{"start":{"line":32,"column":4},"end":{"line":32,"column":43}},"16":{"start":{"line":43,"column":24},"end":{"line":51,"column":null}},"17":{"start":{"line":53,"column":4},"end":{"line":62,"column":null}},"18":{"start":{"line":54,"column":120},"end":{"line":54,"column":126}},"19":{"start":{"line":55,"column":8},"end":{"line":55,"column":96}},"20":{"start":{"line":56,"column":8},"end":{"line":56,"column":96}},"21":{"start":{"line":57,"column":8},"end":{"line":57,"column":102}},"22":{"start":{"line":58,"column":8},"end":{"line":58,"column":93}},"23":{"start":{"line":59,"column":8},"end":{"line":59,"column":93}},"24":{"start":{"line":60,"column":8},"end":{"line":60,"column":99}},"25":{"start":{"line":61,"column":8},"end":{"line":61,"column":87}},"26":{"start":{"line":64,"column":4},"end":{"line":66,"column":null}},"27":{"start":{"line":71,"column":4},"end":{"line":77,"column":null}},"28":{"start":{"line":72,"column":8},"end":{"line":76,"column":null}},"29":{"start":{"line":78,"column":4},"end":{"line":78,"column":19}}},"fnMap":{"0":{"name":"validateOrCrash","decl":{"start":{"line":11,"column":15},"end":{"line":11,"column":30}},"loc":{"start":{"line":11,"column":42},"end":{"line":17,"column":null}}},"1":{"name":"getOrderedByRanking","decl":{"start":{"line":19,"column":15},"end":{"line":19,"column":34}},"loc":{"start":{"line":19,"column":53},"end":{"line":33,"column":null}}},"2":{"name":"(anonymous_11)","decl":{"start":{"line":22,"column":16},"end":{"line":22,"column":21}},"loc":{"start":{"line":22,"column":25},"end":{"line":22,"column":56}}},"3":{"name":"(anonymous_12)","decl":{"start":{"line":23,"column":13},"end":{"line":23,"column":18}},"loc":{"start":{"line":23,"column":21},"end":{"line":25,"column":9}}},"4":{"name":"(anonymous_13)","decl":{"start":{"line":27,"column":49},"end":{"line":27,"column":50}},"loc":{"start":{"line":27,"column":59},"end":{"line":27,"column":94}}},"5":{"name":"(anonymous_14)","decl":{"start":{"line":28,"column":62},"end":{"line":28,"column":67}},"loc":{"start":{"line":28,"column":70},"end":{"line":31,"column":5}}},"6":{"name":"(anonymous_15)","decl":{"start":{"line":29,"column":57},"end":{"line":29,"column":58}},"loc":{"start":{"line":29,"column":67},"end":{"line":29,"column":94}}},"7":{"name":"evaluatePartyWithRankingRecordsWithPoliticians","decl":{"start":{"line":41,"column":9},"end":{"line":41,"column":55}},"loc":{"start":{"line":41,"column":102},"end":{"line":68,"column":1}}},"8":{"name":"(anonymous_17)","decl":{"start":{"line":53,"column":33},"end":{"line":53,"column":39}},"loc":{"start":{"line":53,"column":42},"end":{"line":62,"column":5}}},"9":{"name":"calculateNewScore","decl":{"start":{"line":70,"column":9},"end":{"line":70,"column":26}},"loc":{"start":{"line":70,"column":96},"end":{"line":79,"column":1}}}},"branchMap":{"0":{"loc":{"start":{"line":13,"column":4},"end":{"line":15,"column":null}},"type":"if","locations":[{"start":{"line":13,"column":4},"end":{"line":15,"column":null}}]},"1":{"loc":{"start":{"line":71,"column":4},"end":{"line":77,"column":null}},"type":"if","locations":[{"start":{"line":71,"column":4},"end":{"line":77,"column":null}}]}},"s":{"0":1,"1":0,"2":0,"3":0,"4":0,"5":0,"6":0,"7":0,"8":0,"9":0,"10":0,"11":0,"12":0,"13":0,"14":0,"15":0,"16":0,"17":0,"18":0,"19":0,"20":0,"21":0,"22":0,"23":0,"24":0,"25":0,"26":0,"27":0,"28":0,"29":0},"f":{"0":0,"1":0,"2":0,"3":0,"4":0,"5":0,"6":0,"7":0,"8":0,"9":0},"b":{"0":[0],"1":[0]}}
,"/Users/estevamfurtado/Desktop/DRIVEN/projeto22-polis/backend/src/services/politician.service.ts": {"path":"/Users/estevamfurtado/Desktop/DRIVEN/projeto22-polis/backend/src/services/politician.service.ts","statementMap":{"0":{"start":{"line":9,"column":13},"end":{"line":9,"column":29}},"1":{"start":{"line":12,"column":19},"end":{"line":12,"column":37}},"2":{"start":{"line":13,"column":4},"end":{"line":15,"column":null}},"3":{"start":{"line":14,"column":8},"end":{"line":14,"column":75}},"4":{"start":{"line":16,"column":4},"end":{"line":16,"column":18}}},"fnMap":{"0":{"name":"validateOrCrash","decl":{"start":{"line":11,"column":15},"end":{"line":11,"column":30}},"loc":{"start":{"line":11,"column":42},"end":{"line":17,"column":null}}}},"branchMap":{"0":{"loc":{"start":{"line":13,"column":4},"end":{"line":15,"column":null}},"type":"if","locations":[{"start":{"line":13,"column":4},"end":{"line":15,"column":null}}]}},"s":{"0":1,"1":0,"2":0,"3":0,"4":0},"f":{"0":0},"b":{"0":[0]}}
,"/Users/estevamfurtado/Desktop/DRIVEN/projeto22-polis/backend/src/services/ranking.service.ts": {"path":"/Users/estevamfurtado/Desktop/DRIVEN/projeto22-polis/backend/src/services/ranking.service.ts","statementMap":{"0":{"start":{"line":9,"column":13},"end":{"line":9,"column":26}},"1":{"start":{"line":12,"column":19},"end":{"line":12,"column":37}},"2":{"start":{"line":13,"column":4},"end":{"line":15,"column":null}},"3":{"start":{"line":14,"column":8},"end":{"line":14,"column":72}},"4":{"start":{"line":16,"column":4},"end":{"line":16,"column":18}},"5":{"start":{"line":20,"column":19},"end":{"line":20,"column":45}},"6":{"start":{"line":21,"column":4},"end":{"line":23,"column":null}},"7":{"start":{"line":22,"column":8},"end":{"line":22,"column":75}},"8":{"start":{"line":24,"column":4},"end":{"line":24,"column":18}}},"fnMap":{"0":{"name":"validateOrCrash","decl":{"start":{"line":11,"column":15},"end":{"line":11,"column":30}},"loc":{"start":{"line":11,"column":42},"end":{"line":17,"column":null}}},"1":{"name":"validateOrCrashByYear","decl":{"start":{"line":19,"column":15},"end":{"line":19,"column":36}},"loc":{"start":{"line":19,"column":50},"end":{"line":25,"column":null}}}},"branchMap":{"0":{"loc":{"start":{"line":13,"column":4},"end":{"line":15,"column":null}},"type":"if","locations":[{"start":{"line":13,"column":4},"end":{"line":15,"column":null}}]},"1":{"loc":{"start":{"line":21,"column":4},"end":{"line":23,"column":null}},"type":"if","locations":[{"start":{"line":21,"column":4},"end":{"line":23,"column":null}}]}},"s":{"0":1,"1":0,"2":0,"3":0,"4":0,"5":0,"6":0,"7":0,"8":0},"f":{"0":0,"1":0},"b":{"0":[0],"1":[0]}}
,"/Users/estevamfurtado/Desktop/DRIVEN/projeto22-polis/backend/src/services/rankingRecord.service.ts": {"path":"/Users/estevamfurtado/Desktop/DRIVEN/projeto22-polis/backend/src/services/rankingRecord.service.ts","statementMap":{"0":{"start":{"line":9,"column":13},"end":{"line":9,"column":32}},"1":{"start":{"line":12,"column":19},"end":{"line":12,"column":37}},"2":{"start":{"line":13,"column":4},"end":{"line":15,"column":null}},"3":{"start":{"line":14,"column":8},"end":{"line":14,"column":78}},"4":{"start":{"line":16,"column":4},"end":{"line":16,"column":18}}},"fnMap":{"0":{"name":"validateOrCrash","decl":{"start":{"line":11,"column":15},"end":{"line":11,"column":30}},"loc":{"start":{"line":11,"column":42},"end":{"line":17,"column":null}}}},"branchMap":{"0":{"loc":{"start":{"line":13,"column":4},"end":{"line":15,"column":null}},"type":"if","locations":[{"start":{"line":13,"column":4},"end":{"line":15,"column":null}}]}},"s":{"0":1,"1":0,"2":0,"3":0,"4":0},"f":{"0":0},"b":{"0":[0]}}
,"/Users/estevamfurtado/Desktop/DRIVEN/projeto22-polis/backend/src/services/reaction.service.ts": {"path":"/Users/estevamfurtado/Desktop/DRIVEN/projeto22-polis/backend/src/services/reaction.service.ts","statementMap":{"0":{"start":{"line":9,"column":13},"end":{"line":9,"column":27}},"1":{"start":{"line":12,"column":19},"end":{"line":12,"column":37}},"2":{"start":{"line":13,"column":4},"end":{"line":15,"column":null}},"3":{"start":{"line":14,"column":8},"end":{"line":14,"column":73}},"4":{"start":{"line":16,"column":4},"end":{"line":16,"column":18}}},"fnMap":{"0":{"name":"validateOrCrash","decl":{"start":{"line":11,"column":15},"end":{"line":11,"column":30}},"loc":{"start":{"line":11,"column":42},"end":{"line":17,"column":null}}}},"branchMap":{"0":{"loc":{"start":{"line":13,"column":4},"end":{"line":15,"column":null}},"type":"if","locations":[{"start":{"line":13,"column":4},"end":{"line":15,"column":null}}]}},"s":{"0":1,"1":0,"2":0,"3":0,"4":0},"f":{"0":0},"b":{"0":[0]}}
,"/Users/estevamfurtado/Desktop/DRIVEN/projeto22-polis/backend/src/services/state.service.ts": {"path":"/Users/estevamfurtado/Desktop/DRIVEN/projeto22-polis/backend/src/services/state.service.ts","statementMap":{"0":{"start":{"line":9,"column":13},"end":{"line":9,"column":24}},"1":{"start":{"line":12,"column":19},"end":{"line":12,"column":53}},"2":{"start":{"line":13,"column":4},"end":{"line":15,"column":null}},"3":{"start":{"line":14,"column":8},"end":{"line":14,"column":70}},"4":{"start":{"line":16,"column":4},"end":{"line":16,"column":18}},"5":{"start":{"line":20,"column":19},"end":{"line":20,"column":73}},"6":{"start":{"line":21,"column":4},"end":{"line":23,"column":null}},"7":{"start":{"line":22,"column":8},"end":{"line":22,"column":90}},"8":{"start":{"line":24,"column":4},"end":{"line":24,"column":18}}},"fnMap":{"0":{"name":"validateOrCrash","decl":{"start":{"line":11,"column":15},"end":{"line":11,"column":30}},"loc":{"start":{"line":11,"column":42},"end":{"line":17,"column":null}}},"1":{"name":"validateAbbreviationOrCrash","decl":{"start":{"line":19,"column":15},"end":{"line":19,"column":42}},"loc":{"start":{"line":19,"column":64},"end":{"line":25,"column":null}}}},"branchMap":{"0":{"loc":{"start":{"line":13,"column":4},"end":{"line":15,"column":null}},"type":"if","locations":[{"start":{"line":13,"column":4},"end":{"line":15,"column":null}}]},"1":{"loc":{"start":{"line":21,"column":4},"end":{"line":23,"column":null}},"type":"if","locations":[{"start":{"line":21,"column":4},"end":{"line":23,"column":null}}]}},"s":{"0":1,"1":0,"2":0,"3":0,"4":0,"5":2,"6":2,"7":0,"8":2},"f":{"0":0,"1":2},"b":{"0":[0],"1":[0]}}
,"/Users/estevamfurtado/Desktop/DRIVEN/projeto22-polis/backend/src/services/sticker.service.ts": {"path":"/Users/estevamfurtado/Desktop/DRIVEN/projeto22-polis/backend/src/services/sticker.service.ts","statementMap":{"0":{"start":{"line":10,"column":13},"end":{"line":10,"column":26}},"1":{"start":{"line":13,"column":19},"end":{"line":13,"column":37}},"2":{"start":{"line":14,"column":4},"end":{"line":16,"column":null}},"3":{"start":{"line":15,"column":8},"end":{"line":15,"column":72}},"4":{"start":{"line":17,"column":4},"end":{"line":17,"column":18}},"5":{"start":{"line":21,"column":24},"end":{"line":21,"column":28}},"6":{"start":{"line":22,"column":21},"end":{"line":22,"column":22}},"7":{"start":{"line":23,"column":4},"end":{"line":27,"column":null}},"8":{"start":{"line":24,"column":24},"end":{"line":24,"column":106}},"9":{"start":{"line":25,"column":8},"end":{"line":25,"column":35}},"10":{"start":{"line":26,"column":8},"end":{"line":26,"column":21}},"11":{"start":{"line":32,"column":27},"end":{"line":34,"column":10}},"12":{"start":{"line":36,"column":22},"end":{"line":36,"column":74}},"13":{"start":{"line":37,"column":20},"end":{"line":41,"column":null}},"14":{"start":{"line":43,"column":4},"end":{"line":43,"column":19}}},"fnMap":{"0":{"name":"validateOrCrash","decl":{"start":{"line":12,"column":15},"end":{"line":12,"column":30}},"loc":{"start":{"line":12,"column":42},"end":{"line":18,"column":null}}},"1":{"name":"createPartyPageBaseStickers","decl":{"start":{"line":20,"column":15},"end":{"line":20,"column":42}},"loc":{"start":{"line":20,"column":104},"end":{"line":28,"column":null}}},"2":{"name":"createChainedPartyPageBaseSticker","decl":{"start":{"line":30,"column":15},"end":{"line":30,"column":48}},"loc":{"start":{"line":30,"column":120},"end":{"line":44,"column":null}}}},"branchMap":{"0":{"loc":{"start":{"line":14,"column":4},"end":{"line":16,"column":null}},"type":"if","locations":[{"start":{"line":14,"column":4},"end":{"line":16,"column":null}}]},"1":{"loc":{"start":{"line":32,"column":27},"end":{"line":34,"column":10}},"type":"cond-expr","locations":[{"start":{"line":32,"column":43},"end":{"line":34,"column":6}},{"start":{"line":34,"column":8},"end":{"line":34,"column":10}}]}},"s":{"0":1,"1":0,"2":0,"3":0,"4":0,"5":0,"6":0,"7":0,"8":0,"9":0,"10":0,"11":0,"12":0,"13":0,"14":0},"f":{"0":0,"1":0,"2":0},"b":{"0":[0],"1":[0,0]}}
,"/Users/estevamfurtado/Desktop/DRIVEN/projeto22-polis/backend/src/services/userAlbum.service.ts": {"path":"/Users/estevamfurtado/Desktop/DRIVEN/projeto22-polis/backend/src/services/userAlbum.service.ts","statementMap":{"0":{"start":{"line":9,"column":13},"end":{"line":9,"column":28}},"1":{"start":{"line":12,"column":19},"end":{"line":12,"column":37}},"2":{"start":{"line":13,"column":4},"end":{"line":15,"column":null}},"3":{"start":{"line":14,"column":8},"end":{"line":14,"column":74}},"4":{"start":{"line":16,"column":4},"end":{"line":16,"column":18}}},"fnMap":{"0":{"name":"validateOrCrash","decl":{"start":{"line":11,"column":15},"end":{"line":11,"column":30}},"loc":{"start":{"line":11,"column":42},"end":{"line":17,"column":null}}}},"branchMap":{"0":{"loc":{"start":{"line":13,"column":4},"end":{"line":15,"column":null}},"type":"if","locations":[{"start":{"line":13,"column":4},"end":{"line":15,"column":null}}]}},"s":{"0":1,"1":0,"2":0,"3":0,"4":0},"f":{"0":0},"b":{"0":[0]}}
,"/Users/estevamfurtado/Desktop/DRIVEN/projeto22-polis/backend/src/utils/joi.utils.ts": {"path":"/Users/estevamfurtado/Desktop/DRIVEN/projeto22-polis/backend/src/utils/joi.utils.ts","statementMap":{"0":{"start":{"line":8,"column":4},"end":{"line":8,"column":58}},"1":{"start":{"line":9,"column":4},"end":{"line":9,"column":24}},"2":{"start":{"line":12,"column":17},"end":{"line":12,"column":19}},"3":{"start":{"line":13,"column":17},"end":{"line":13,"column":55}},"4":{"start":{"line":14,"column":4},"end":{"line":17,"column":7}},"5":{"start":{"line":15,"column":22},"end":{"line":15,"column":46}},"6":{"start":{"line":16,"column":8},"end":{"line":16,"column":45}},"7":{"start":{"line":19,"column":22},"end":{"line":19,"column":48}},"8":{"start":{"line":20,"column":4},"end":{"line":22,"column":null}},"9":{"start":{"line":21,"column":8},"end":{"line":21,"column":50}},"10":{"start":{"line":24,"column":4},"end":{"line":24,"column":18}}},"fnMap":{"0":{"name":"validateJoiSchemaFromObjectOrCrash","decl":{"start":{"line":6,"column":9},"end":{"line":6,"column":43}},"loc":{"start":{"line":6,"column":81},"end":{"line":25,"column":1}}},"1":{"name":"(anonymous_1)","decl":{"start":{"line":14,"column":17},"end":{"line":14,"column":20}},"loc":{"start":{"line":14,"column":23},"end":{"line":17,"column":5}}}},"branchMap":{"0":{"loc":{"start":{"line":15,"column":22},"end":{"line":15,"column":46}},"type":"binary-expr","locations":[{"start":{"line":15,"column":22},"end":{"line":15,"column":33}},{"start":{"line":15,"column":37},"end":{"line":15,"column":46}}]},"1":{"loc":{"start":{"line":20,"column":4},"end":{"line":22,"column":null}},"type":"if","locations":[{"start":{"line":20,"column":4},"end":{"line":22,"column":null}}]}},"s":{"0":5,"1":5,"2":5,"3":5,"4":5,"5":54,"6":54,"7":5,"8":5,"9":1,"10":4},"f":{"0":5,"1":54},"b":{"0":[54,14],"1":[1]}}
,"/Users/estevamfurtado/Desktop/DRIVEN/projeto22-polis/backend/src/utils/logger.utils.ts": {"path":"/Users/estevamfurtado/Desktop/DRIVEN/projeto22-polis/backend/src/utils/logger.utils.ts","statementMap":{"0":{"start":{"line":5,"column":14},"end":{"line":17,"column":2}},"1":{"start":{"line":21,"column":4},"end":{"line":21,"column":67}},"2":{"start":{"line":25,"column":4},"end":{"line":25,"column":56}},"3":{"start":{"line":26,"column":4},"end":{"line":26,"column":21}}},"fnMap":{"0":{"name":"log","decl":{"start":{"line":20,"column":9},"end":{"line":20,"column":12}},"loc":{"start":{"line":20,"column":40},"end":{"line":22,"column":1}}},"1":{"name":"logObject","decl":{"start":{"line":24,"column":9},"end":{"line":24,"column":18}},"loc":{"start":{"line":24,"column":42},"end":{"line":27,"column":1}}}},"branchMap":{},"s":{"0":1,"1":39,"2":0,"3":0},"f":{"0":39,"1":0},"b":{}}
,"/Users/estevamfurtado/Desktop/DRIVEN/projeto22-polis/backend/src/utils/crypt/index.ts": {"path":"/Users/estevamfurtado/Desktop/DRIVEN/projeto22-polis/backend/src/utils/crypt/index.ts","statementMap":{"0":{"start":{"line":6,"column":18},"end":{"line":6,"column":56}},"1":{"start":{"line":7,"column":21},"end":{"line":7,"column":59}},"2":{"start":{"line":8,"column":15},"end":{"line":8,"column":39}},"3":{"start":{"line":11,"column":30},"end":{"line":11,"column":51}},"4":{"start":{"line":12,"column":4},"end":{"line":12,"column":29}},"5":{"start":{"line":15,"column":30},"end":{"line":15,"column":51}},"6":{"start":{"line":16,"column":4},"end":{"line":16,"column":29}},"7":{"start":{"line":21,"column":14},"end":{"line":21,"column":30}},"8":{"start":{"line":22,"column":19},"end":{"line":22,"column":38}},"9":{"start":{"line":23,"column":18},"end":{"line":23,"column":51}},"10":{"start":{"line":24,"column":4},"end":{"line":24,"column":17}},"11":{"start":{"line":28,"column":4},"end":{"line":33,"column":null}},"12":{"start":{"line":29,"column":24},"end":{"line":29,"column":52}},"13":{"start":{"line":30,"column":8},"end":{"line":30,"column":23}},"14":{"start":{"line":32,"column":8},"end":{"line":32,"column":53}},"15":{"start":{"line":37,"column":30},"end":{"line":37,"column":85}},"16":{"start":{"line":38,"column":4},"end":{"line":38,"column":29}},"17":{"start":{"line":41,"column":20},"end":{"line":41,"column":61}},"18":{"start":{"line":42,"column":4},"end":{"line":42,"column":19}},"19":{"start":{"line":45,"column":21},"end":{"line":49,"column":null}}},"fnMap":{"0":{"name":"encryptCryptr","decl":{"start":{"line":10,"column":9},"end":{"line":10,"column":22}},"loc":{"start":{"line":10,"column":37},"end":{"line":13,"column":1}}},"1":{"name":"decryptCryptr","decl":{"start":{"line":14,"column":9},"end":{"line":14,"column":22}},"loc":{"start":{"line":14,"column":37},"end":{"line":17,"column":1}}},"2":{"name":"createToken","decl":{"start":{"line":20,"column":9},"end":{"line":20,"column":20}},"loc":{"start":{"line":20,"column":35},"end":{"line":25,"column":1}}},"3":{"name":"decodeToken","decl":{"start":{"line":27,"column":9},"end":{"line":27,"column":20}},"loc":{"start":{"line":27,"column":35},"end":{"line":34,"column":1}}},"4":{"name":"encryptBcrypt","decl":{"start":{"line":36,"column":9},"end":{"line":36,"column":22}},"loc":{"start":{"line":36,"column":37},"end":{"line":39,"column":1}}},"5":{"name":"compareBcrypt","decl":{"start":{"line":40,"column":9},"end":{"line":40,"column":22}},"loc":{"start":{"line":40,"column":61},"end":{"line":43,"column":1}}}},"branchMap":{"0":{"loc":{"start":{"line":6,"column":18},"end":{"line":6,"column":56}},"type":"cond-expr","locations":[{"start":{"line":6,"column":40},"end":{"line":6,"column":44}},{"start":{"line":6,"column":44},"end":{"line":6,"column":56}}]},"1":{"loc":{"start":{"line":6,"column":18},"end":{"line":6,"column":44}},"type":"binary-expr","locations":[{"start":{"line":6,"column":18},"end":{"line":6,"column":44}},{"start":{"line":6,"column":40},"end":{"line":6,"column":44}}]},"2":{"loc":{"start":{"line":7,"column":21},"end":{"line":7,"column":59}},"type":"cond-expr","locations":[{"start":{"line":7,"column":43},"end":{"line":7,"column":47}},{"start":{"line":7,"column":47},"end":{"line":7,"column":59}}]},"3":{"loc":{"start":{"line":7,"column":21},"end":{"line":7,"column":47}},"type":"binary-expr","locations":[{"start":{"line":7,"column":21},"end":{"line":7,"column":47}},{"start":{"line":7,"column":43},"end":{"line":7,"column":47}}]}},"s":{"0":1,"1":1,"2":1,"3":0,"4":0,"5":0,"6":0,"7":1,"8":1,"9":1,"10":1,"11":0,"12":0,"13":0,"14":0,"15":5,"16":5,"17":1,"18":1,"19":1},"f":{"0":0,"1":0,"2":1,"3":0,"4":5,"5":1},"b":{"0":[0,1],"1":[1,1],"2":[0,1],"3":[1,1]}}
,"/Users/estevamfurtado/Desktop/DRIVEN/projeto22-polis/backend/src/utils/errors/error.utils.ts": {"path":"/Users/estevamfurtado/Desktop/DRIVEN/projeto22-polis/backend/src/utils/errors/error.utils.ts","statementMap":{"0":{"start":{"line":10,"column":15},"end":{"line":16,"column":42}},"1":{"start":{"line":19,"column":2},"end":{"line":19,"column":48}},"2":{"start":{"line":23,"column":16},"end":{"line":23,"column":42}},"3":{"start":{"line":24,"column":2},"end":{"line":24,"column":91}},"4":{"start":{"line":28,"column":2},"end":{"line":28,"column":66}},"5":{"start":{"line":32,"column":2},"end":{"line":32,"column":48}},"6":{"start":{"line":37,"column":34},"end":{"line":37,"column":87}},"7":{"start":{"line":38,"column":34},"end":{"line":38,"column":88}},"8":{"start":{"line":39,"column":38},"end":{"line":39,"column":95}},"9":{"start":{"line":40,"column":37},"end":{"line":40,"column":94}},"10":{"start":{"line":41,"column":34},"end":{"line":41,"column":87}}},"fnMap":{"0":{"name":"errorTypeToStatusCode","decl":{"start":{"line":18,"column":16},"end":{"line":18,"column":37}},"loc":{"start":{"line":18,"column":57},"end":{"line":20,"column":1}}},"1":{"name":"any","decl":{"start":{"line":22,"column":9},"end":{"line":22,"column":12}},"loc":{"start":{"line":22,"column":60},"end":{"line":25,"column":1}}},"2":{"name":"returnErrorFromType","decl":{"start":{"line":27,"column":9},"end":{"line":27,"column":28}},"loc":{"start":{"line":27,"column":62},"end":{"line":29,"column":1}}},"3":{"name":"isAppError","decl":{"start":{"line":31,"column":16},"end":{"line":31,"column":26}},"loc":{"start":{"line":31,"column":40},"end":{"line":33,"column":1}}},"4":{"name":"(anonymous_4)","decl":{"start":{"line":37,"column":12},"end":{"line":37,"column":13}},"loc":{"start":{"line":37,"column":32},"end":{"line":37,"column":87}}},"5":{"name":"(anonymous_5)","decl":{"start":{"line":38,"column":12},"end":{"line":38,"column":13}},"loc":{"start":{"line":38,"column":32},"end":{"line":38,"column":88}}},"6":{"name":"(anonymous_6)","decl":{"start":{"line":39,"column":16},"end":{"line":39,"column":17}},"loc":{"start":{"line":39,"column":36},"end":{"line":39,"column":95}}},"7":{"name":"(anonymous_7)","decl":{"start":{"line":40,"column":15},"end":{"line":40,"column":16}},"loc":{"start":{"line":40,"column":35},"end":{"line":40,"column":94}}},"8":{"name":"(anonymous_8)","decl":{"start":{"line":41,"column":12},"end":{"line":41,"column":13}},"loc":{"start":{"line":41,"column":32},"end":{"line":41,"column":87}}}},"branchMap":{"0":{"loc":{"start":{"line":19,"column":9},"end":{"line":19,"column":47}},"type":"cond-expr","locations":[{"start":{"line":19,"column":24},"end":{"line":19,"column":41}},{"start":{"line":19,"column":44},"end":{"line":19,"column":47}}]},"1":{"loc":{"start":{"line":23,"column":23},"end":{"line":23,"column":41}},"type":"cond-expr","locations":[{"start":{"line":23,"column":23},"end":{"line":23,"column":27}},{"start":{"line":23,"column":31},"end":{"line":23,"column":41}}]},"2":{"loc":{"start":{"line":23,"column":23},"end":{"line":23,"column":31}},"type":"binary-expr","locations":[{"start":{"line":23,"column":23},"end":{"line":23,"column":31}},{"start":{"line":23,"column":23},"end":{"line":23,"column":31}}]},"3":{"loc":{"start":{"line":24,"column":38},"end":{"line":24,"column":62}},"type":"cond-expr","locations":[{"start":{"line":24,"column":38},"end":{"line":24,"column":45}},{"start":{"line":24,"column":49},"end":{"line":24,"column":62}}]},"4":{"loc":{"start":{"line":24,"column":38},"end":{"line":24,"column":49}},"type":"binary-expr","locations":[{"start":{"line":24,"column":38},"end":{"line":24,"column":49}},{"start":{"line":24,"column":38},"end":{"line":24,"column":49}}]},"5":{"loc":{"start":{"line":24,"column":70},"end":{"line":24,"column":88}},"type":"cond-expr","locations":[{"start":{"line":24,"column":70},"end":{"line":24,"column":74}},{"start":{"line":24,"column":78},"end":{"line":24,"column":88}}]},"6":{"loc":{"start":{"line":24,"column":70},"end":{"line":24,"column":78}},"type":"binary-expr","locations":[{"start":{"line":24,"column":70},"end":{"line":24,"column":78}},{"start":{"line":24,"column":70},"end":{"line":24,"column":78}}]}},"s":{"0":1,"1":3,"2":0,"3":0,"4":3,"5":3,"6":2,"7":0,"8":0,"9":1,"10":0},"f":{"0":3,"1":0,"2":3,"3":3,"4":2,"5":0,"6":0,"7":1,"8":0},"b":{"0":[3,0],"1":[0,0],"2":[0,0],"3":[0,0],"4":[0,0],"5":[0,0],"6":[0,0]}}
,"/Users/estevamfurtado/Desktop/DRIVEN/projeto22-polis/backend/tests/factories/user.factory.ts": {"path":"/Users/estevamfurtado/Desktop/DRIVEN/projeto22-polis/backend/tests/factories/user.factory.ts","statementMap":{"0":{"start":{"line":9,"column":23},"end":{"line":9,"column":47}},"1":{"start":{"line":10,"column":16},"end":{"line":10,"column":148}},"2":{"start":{"line":12,"column":4},"end":{"line":23,"column":null}},"3":{"start":{"line":28,"column":45},"end":{"line":28,"column":49}},"4":{"start":{"line":28,"column":41},"end":{"line":28,"column":45}},"5":{"start":{"line":30,"column":19},"end":{"line":33,"column":null}},"6":{"start":{"line":36,"column":4},"end":{"line":36,"column":23}},"7":{"start":{"line":40,"column":28},"end":{"line":40,"column":57}},"8":{"start":{"line":41,"column":4},"end":{"line":41,"column":78}},"9":{"start":{"line":42,"column":4},"end":{"line":46,"column":null}},"10":{"start":{"line":50,"column":4},"end":{"line":54,"column":null}}},"fnMap":{"0":{"name":"createUser","decl":{"start":{"line":7,"column":9},"end":{"line":7,"column":19}},"loc":{"start":{"line":7,"column":19},"end":{"line":24,"column":1}}},"1":{"name":"transformInInput","decl":{"start":{"line":26,"column":9},"end":{"line":26,"column":25}},"loc":{"start":{"line":26,"column":45},"end":{"line":37,"column":1}}},"2":{"name":"saveUserInDatabase","decl":{"start":{"line":39,"column":15},"end":{"line":39,"column":33}},"loc":{"start":{"line":39,"column":53},"end":{"line":47,"column":null}}},"3":{"name":"deleteUserByEmail","decl":{"start":{"line":49,"column":15},"end":{"line":49,"column":32}},"loc":{"start":{"line":49,"column":46},"end":{"line":55,"column":null}}}},"branchMap":{"0":{"loc":{"start":{"line":26,"column":26},"end":{"line":26,"column":45}},"type":"default-arg","locations":[{"start":{"line":26,"column":33},"end":{"line":26,"column":45}}]},"1":{"loc":{"start":{"line":39,"column":34},"end":{"line":39,"column":53}},"type":"default-arg","locations":[{"start":{"line":39,"column":41},"end":{"line":39,"column":53}}]}},"s":{"0":7,"1":7,"2":7,"3":3,"4":3,"5":3,"6":3,"7":3,"8":3,"9":3,"10":4},"f":{"0":7,"1":3,"2":3,"3":4},"b":{"0":[0],"1":[0]}}
}
