TN:
SF:src/app.ts
FNF:0
FNH:0
DA:9,1
DA:10,1
DA:11,1
DA:13,1
DA:15,1
DA:16,1
DA:17,1
DA:20,1
LF:8
LH:8
BRDA:15,0,0,1
BRF:1
BRH:1
end_of_record
TN:
SF:src/database.ts
FNF:0
FNH:0
DA:3,1
DA:5,1
LF:2
LH:2
BRF:0
BRH:0
end_of_record
TN:
SF:src/controllers/album.controller.ts
FN:4,getLastAlbum
FNF:1
FNH:0
FNDA:0,getLastAlbum
LF:0
LH:0
BRF:0
BRH:0
end_of_record
TN:
SF:src/controllers/auth.controller.ts
FN:6,signIn
FN:15,signUp
FNF:2
FNH:2
FNDA:1,signIn
FNDA:3,signUp
DA:7,1
DA:8,1
DA:9,1
DA:11,1
DA:12,1
DA:17,3
DA:18,3
DA:19,3
DA:20,1
DA:21,1
LF:10
LH:10
BRDA:18,0,0,0
BRDA:18,0,1,3
BRF:2
BRH:1
end_of_record
TN:
SF:src/controllers/deck.controller.ts
FN:4,getDeck
FN:7,getDeckPacks
FN:10,openAllDeckPacks
FN:13,openOneDeckPack
FN:16,pasteAllCards
FN:19,pasteCard
FNF:6
FNH:0
FNDA:0,getDeck
FNDA:0,getDeckPacks
FNDA:0,openAllDeckPacks
FNDA:0,openOneDeckPack
FNDA:0,pasteAllCards
FNDA:0,pasteCard
LF:0
LH:0
BRF:0
BRH:0
end_of_record
TN:
SF:src/controllers/ranking.controller.ts
FN:4,getRanking
FN:7,getPolitician
FNF:2
FNH:0
FNDA:0,getRanking
FNDA:0,getPolitician
LF:0
LH:0
BRF:0
BRH:0
end_of_record
TN:
SF:src/controllers/tinder.controller.ts
FN:4,getTinderVideo
FN:7,postTinderVideo
FN:10,putTinderReact
FNF:3
FNH:0
FNDA:0,getTinderVideo
FNDA:0,postTinderVideo
FNDA:0,putTinderReact
LF:0
LH:0
BRF:0
BRH:0
end_of_record
TN:
SF:src/controllers/user.controller.ts
FN:4,putUser
FN:7,getUser
FN:10,putCandidateProfile
FN:13,postCandidateProfile
FN:16,getUserInvite
FNF:5
FNH:0
FNDA:0,putUser
FNDA:0,getUser
FNDA:0,putCandidateProfile
FNDA:0,postCandidateProfile
FNDA:0,getUserInvite
LF:0
LH:0
BRF:0
BRH:0
end_of_record
TN:
SF:src/middlewares/auth.middlewares.ts
FN:7,validateToken
FNF:1
FNH:0
FNDA:0,validateToken
DA:8,0
DA:10,0
DA:11,0
DA:12,0
DA:14,0
DA:15,0
DA:16,0
DA:18,0
DA:19,0
DA:21,0
LF:10
LH:0
BRDA:10,0,0,0
BRDA:10,0,1,0
BRDA:11,1,0,0
BRDA:15,2,0,0
BRF:4
BRH:0
end_of_record
TN:
SF:src/middlewares/set.middlewares.ts
FN:5,localsFromRequestData
FNF:1
FNH:1
FNDA:5,localsFromRequestData
DA:6,5
DA:7,5
DA:8,5
DA:9,5
LF:4
LH:4
BRF:0
BRH:0
end_of_record
TN:
SF:src/middlewares/validate.middlewares.ts
FN:7,joiSchema
FN:8,(anonymous_1)
FNF:2
FNH:2
FNDA:7,joiSchema
FNDA:5,(anonymous_1)
DA:8,7
DA:9,5
DA:10,5
DA:11,4
LF:4
LH:4
BRF:0
BRH:0
end_of_record
TN:
SF:src/middlewares/utils/aux.ts
FN:6,throwAppError
FN:10,throwError
FN:14,logRoute
FN:15,(anonymous_12)
FNF:4
FNH:2
FNDA:0,throwAppError
FNDA:0,throwError
FNDA:13,logRoute
FNDA:5,(anonymous_12)
DA:7,0
DA:11,0
DA:15,13
DA:16,5
DA:17,5
LF:5
LH:3
BRF:0
BRH:0
end_of_record
TN:
SF:src/middlewares/utils/error.ts
FN:9,errorHandler
FNF:1
FNH:1
FNDA:3,errorHandler
DA:16,3
DA:18,3
DA:19,3
DA:22,0
LF:4
LH:3
BRDA:16,0,0,3
BRF:1
BRH:1
end_of_record
TN:
SF:src/repositories/album.repository.ts
FN:11,create
FN:15,get
FN:19,update
FNF:3
FNH:0
FNDA:0,create
FNDA:0,get
FNDA:0,update
DA:4,1
DA:12,0
DA:16,0
DA:20,0
LF:4
LH:1
BRF:0
BRH:0
end_of_record
TN:
SF:src/repositories/albumPage.repository.ts
FN:12,create
FN:16,get
FN:20,update
FNF:3
FNH:0
FNDA:0,create
FNDA:0,get
FNDA:0,update
DA:5,1
DA:13,0
DA:17,0
DA:21,0
LF:4
LH:1
BRF:0
BRH:0
end_of_record
TN:
SF:src/repositories/candidate.repository.ts
FN:11,create
FN:15,get
FN:19,update
FNF:3
FNH:0
FNDA:0,create
FNDA:0,get
FNDA:0,update
DA:4,1
DA:12,0
DA:16,0
DA:20,0
LF:4
LH:1
BRF:0
BRH:0
end_of_record
TN:
SF:src/repositories/candidateShortVideo.repository.ts
FN:11,create
FN:15,get
FN:19,update
FNF:3
FNH:0
FNDA:0,create
FNDA:0,get
FNDA:0,update
DA:4,1
DA:12,0
DA:16,0
DA:20,0
LF:4
LH:1
BRF:0
BRH:0
end_of_record
TN:
SF:src/repositories/card.repository.ts
FN:11,create
FN:15,get
FN:19,update
FNF:3
FNH:0
FNDA:0,create
FNDA:0,get
FNDA:0,update
DA:4,1
DA:12,0
DA:16,0
DA:20,0
LF:4
LH:1
BRF:0
BRH:0
end_of_record
TN:
SF:src/repositories/cardModel.repository.ts
FN:11,create
FN:15,get
FN:19,update
FNF:3
FNH:0
FNDA:0,create
FNDA:0,get
FNDA:0,update
DA:4,1
DA:12,0
DA:16,0
DA:20,0
LF:4
LH:1
BRF:0
BRH:0
end_of_record
TN:
SF:src/repositories/contact.repository.ts
FN:11,create
FN:15,get
FN:19,update
FNF:3
FNH:0
FNDA:0,create
FNDA:0,get
FNDA:0,update
DA:4,1
DA:12,0
DA:16,0
DA:20,0
LF:4
LH:1
BRF:0
BRH:0
end_of_record
TN:
SF:src/repositories/person.repository.ts
FN:11,create
FN:17,get
FN:21,getByEmail
FN:25,getByCpf
FN:29,update
FN:33,getEncryptedPassword
FNF:6
FNH:4
FNDA:1,create
FNDA:0,get
FNDA:4,getByEmail
FNDA:2,getByCpf
FNDA:0,update
FNDA:1,getEncryptedPassword
DA:5,1
DA:12,1
DA:13,1
DA:14,1
DA:18,0
DA:22,4
DA:26,2
DA:30,0
DA:34,1
LF:9
LH:7
BRF:0
BRH:0
end_of_record
TN:
SF:src/repositories/politicalParty.repository.ts
FN:11,create
FN:15,get
FN:19,update
FN:23,getByRankingIdWithRecordsWithPoliticians
FNF:4
FNH:0
FNDA:0,create
FNDA:0,get
FNDA:0,update
FNDA:0,getByRankingIdWithRecordsWithPoliticians
DA:4,1
DA:12,0
DA:16,0
DA:20,0
DA:24,0
LF:5
LH:1
BRF:0
BRH:0
end_of_record
TN:
SF:src/repositories/politician.repository.ts
FN:11,create
FN:15,get
FN:19,update
FNF:3
FNH:0
FNDA:0,create
FNDA:0,get
FNDA:0,update
DA:4,1
DA:12,0
DA:16,0
DA:20,0
LF:4
LH:1
BRF:0
BRH:0
end_of_record
TN:
SF:src/repositories/ranking.repository.ts
FN:11,create
FN:15,get
FN:19,getByYear
FN:23,update
FNF:4
FNH:0
FNDA:0,create
FNDA:0,get
FNDA:0,getByYear
FNDA:0,update
DA:4,1
DA:12,0
DA:16,0
DA:20,0
DA:24,0
LF:5
LH:1
BRF:0
BRH:0
end_of_record
TN:
SF:src/repositories/rankingRecord.repository.ts
FN:11,create
FN:15,get
FN:19,update
FNF:3
FNH:0
FNDA:0,create
FNDA:0,get
FNDA:0,update
DA:4,1
DA:12,0
DA:16,0
DA:20,0
LF:4
LH:1
BRF:0
BRH:0
end_of_record
TN:
SF:src/repositories/reaction.repository.ts
FN:11,create
FN:15,get
FN:19,update
FNF:3
FNH:0
FNDA:0,create
FNDA:0,get
FNDA:0,update
DA:4,1
DA:12,0
DA:16,0
DA:20,0
LF:4
LH:1
BRF:0
BRH:0
end_of_record
TN:
SF:src/repositories/state.repository.ts
FN:11,create
FN:15,get
FN:19,update
FN:23,getByAbbreviation
FNF:4
FNH:1
FNDA:0,create
FNDA:0,get
FNDA:0,update
FNDA:2,getByAbbreviation
DA:4,1
DA:12,0
DA:16,0
DA:20,0
DA:24,2
LF:5
LH:2
BRF:0
BRH:0
end_of_record
TN:
SF:src/repositories/sticker.repository.ts
FN:11,create
FN:15,get
FN:19,update
FNF:3
FNH:0
FNDA:0,create
FNDA:0,get
FNDA:0,update
DA:4,1
DA:12,0
DA:16,0
DA:20,0
LF:4
LH:1
BRF:0
BRH:0
end_of_record
TN:
SF:src/repositories/userAlbum.repository.ts
FN:11,create
FN:15,get
FN:19,update
FNF:3
FNH:0
FNDA:0,create
FNDA:0,get
FNDA:0,update
DA:4,1
DA:12,0
DA:16,0
DA:20,0
LF:4
LH:1
BRF:0
BRH:0
end_of_record
TN:
SF:src/routers/album.router.ts
FNF:0
FNH:0
DA:6,1
DA:8,1
LF:2
LH:2
BRF:0
BRH:0
end_of_record
TN:
SF:src/routers/auth.router.ts
FNF:0
FNH:0
DA:6,1
DA:8,1
DA:15,1
LF:3
LH:3
BRF:0
BRH:0
end_of_record
TN:
SF:src/routers/index.ts
FNF:0
FNH:0
DA:10,1
DA:12,1
DA:13,1
DA:14,1
DA:15,1
DA:16,1
DA:17,1
LF:7
LH:7
BRF:0
BRH:0
end_of_record
TN:
SF:src/routers/ranking.router.ts
FNF:0
FNH:0
DA:6,1
DA:9,1
DA:16,1
LF:3
LH:3
BRF:0
BRH:0
end_of_record
TN:
SF:src/routers/tinder.router.ts
FNF:0
FNH:0
DA:6,1
DA:8,1
DA:14,1
DA:22,1
LF:4
LH:4
BRF:0
BRH:0
end_of_record
TN:
SF:src/routers/user.router.ts
FNF:0
FNH:0
DA:6,1
DA:8,1
DA:16,1
DA:22,1
DA:30,1
DA:39,1
LF:6
LH:6
BRF:0
BRH:0
end_of_record
TN:
SF:src/schemas/index.ts
FNF:0
FNH:0
DA:4,1
DA:6,1
DA:25,1
DA:30,1
DA:45,1
DA:53,1
DA:61,1
DA:67,1
LF:8
LH:8
BRF:0
BRH:0
end_of_record
TN:
SF:src/services/album.service.ts
FN:13,validateOrCrash
FN:21,createOrCrash
FN:29,createYearBaseModel
FNF:3
FNH:0
FNDA:0,validateOrCrash
FNDA:0,createOrCrash
FNDA:0,createYearBaseModel
DA:11,1
DA:14,0
DA:15,0
DA:16,0
DA:18,0
DA:22,0
DA:23,0
DA:24,0
DA:26,0
DA:30,0
DA:31,0
DA:32,0
LF:12
LH:1
BRDA:15,0,0,0
BRDA:23,1,0,0
BRF:2
BRH:0
end_of_record
TN:
SF:src/services/albumPage.service.ts
FN:16,validateOrCrash
FN:24,createAlbumBasePages
FN:34,createChainedPartyAlbumPage
FNF:3
FNH:0
FNDA:0,validateOrCrash
FNDA:0,createAlbumBasePages
FNDA:0,createChainedPartyAlbumPage
DA:14,1
DA:17,0
DA:18,0
DA:19,0
DA:21,0
DA:25,0
DA:26,0
DA:28,0
DA:29,0
DA:30,0
DA:36,0
DA:40,0
DA:48,0
DA:49,0
LF:14
LH:1
BRDA:18,0,0,0
BRDA:36,1,0,0
BRDA:36,1,1,0
BRDA:44,2,0,0
BRDA:44,2,1,0
BRF:5
BRH:0
end_of_record
TN:
SF:src/services/auth.service.ts
FN:13,signUp
FN:33,signIn
FN:42,validateTokenOrCrash
FNF:3
FNH:2
FNDA:3,signUp
FNDA:1,signIn
FNDA:0,validateTokenOrCrash
DA:15,3
DA:17,3
DA:18,2
DA:19,2
DA:20,2
DA:22,2
DA:23,2
DA:25,2
DA:27,1
DA:28,1
DA:29,0
DA:34,1
DA:35,1
DA:36,1
DA:37,1
DA:38,1
DA:39,1
DA:43,0
DA:44,0
DA:45,0
DA:47,0
LF:21
LH:16
BRDA:28,0,0,0
BRDA:37,1,0,1
BRDA:37,1,1,0
BRDA:37,2,0,1
BRDA:37,2,1,1
BRDA:44,3,0,0
BRF:6
BRH:3
end_of_record
TN:
SF:src/services/candidate.service.ts
FN:11,validateOrCrash
FNF:1
FNH:0
FNDA:0,validateOrCrash
DA:9,1
DA:12,0
DA:13,0
DA:14,0
DA:16,0
LF:5
LH:1
BRDA:13,0,0,0
BRF:1
BRH:0
end_of_record
TN:
SF:src/services/candidateShortVideo.service.ts
FN:11,validateOrCrash
FNF:1
FNH:0
FNDA:0,validateOrCrash
DA:9,1
DA:12,0
DA:13,0
DA:14,0
DA:16,0
LF:5
LH:1
BRDA:13,0,0,0
BRF:1
BRH:0
end_of_record
TN:
SF:src/services/card.service.ts
FN:11,validateOrCrash
FN:19,createRandomNewCards
FNF:2
FNH:0
FNDA:0,validateOrCrash
FNDA:0,createRandomNewCards
DA:9,1
DA:12,0
DA:13,0
DA:14,0
DA:16,0
LF:5
LH:1
BRDA:13,0,0,0
BRF:1
BRH:0
end_of_record
TN:
SF:src/services/cardModel.service.ts
FN:11,validateOrCrash
FN:19,createByRankingRecord
FNF:2
FNH:0
FNDA:0,validateOrCrash
FNDA:0,createByRankingRecord
DA:9,1
DA:12,0
DA:13,0
DA:14,0
DA:16,0
DA:20,0
DA:24,0
LF:7
LH:1
BRDA:13,0,0,0
BRF:1
BRH:0
end_of_record
TN:
SF:src/services/contact.service.ts
FN:11,validateOrCrash
FNF:1
FNH:0
FNDA:0,validateOrCrash
DA:9,1
DA:12,0
DA:13,0
DA:14,0
DA:16,0
LF:5
LH:1
BRDA:13,0,0,0
BRF:1
BRH:0
end_of_record
TN:
SF:src/services/person.service.ts
FN:16,get
FN:21,validateOrCrash
FN:29,createOrCrash
FN:38,findByEmailAndCrash
FN:46,findByCpfAndCrash
FN:53,findByEmailOrCrash
FN:61,validatePasswordOrCrash
FN:71,referredNewUser
FN:79,openPacks
FNF:9
FNH:5
FNDA:0,get
FNDA:0,validateOrCrash
FNDA:1,createOrCrash
FNDA:3,findByEmailAndCrash
FNDA:2,findByCpfAndCrash
FNDA:1,findByEmailOrCrash
FNDA:1,validatePasswordOrCrash
FNDA:0,referredNewUser
FNDA:0,openPacks
DA:12,1
DA:14,1
DA:17,0
DA:18,0
DA:22,0
DA:23,0
DA:24,0
DA:26,0
DA:30,1
DA:31,1
DA:32,1
DA:33,0
DA:35,1
DA:39,3
DA:40,3
DA:41,3
DA:42,1
DA:47,2
DA:48,2
DA:49,1
DA:54,1
DA:55,1
DA:56,0
DA:58,1
DA:63,1
DA:65,1
DA:66,1
DA:67,0
DA:72,0
DA:73,0
DA:74,0
DA:75,0
DA:80,0
DA:81,0
DA:82,0
DA:83,0
DA:84,0
DA:85,0
DA:87,0
LF:39
LH:19
BRDA:18,0,0,0
BRDA:18,0,1,0
BRDA:18,1,0,0
BRDA:18,1,1,0
BRDA:23,2,0,0
BRDA:32,3,0,0
BRDA:41,4,0,1
BRDA:48,5,0,1
BRDA:55,6,0,0
BRDA:66,7,0,0
BRDA:73,8,0,0
BRDA:81,9,0,0
BRDA:81,9,1,0
BRDA:82,10,0,0
BRDA:82,10,1,0
BRDA:82,11,0,0
BRDA:82,11,1,0
BRF:17
BRH:2
end_of_record
TN:
SF:src/services/politicalParty.service.ts
FN:11,validateOrCrash
FN:19,getOrderedByRanking
FN:22,(anonymous_11)
FN:23,(anonymous_12)
FN:27,(anonymous_13)
FN:28,(anonymous_14)
FN:29,(anonymous_15)
FN:41,evaluatePartyWithRankingRecordsWithPoliticians
FN:53,(anonymous_17)
FN:70,calculateNewScore
FNF:10
FNH:0
FNDA:0,validateOrCrash
FNDA:0,getOrderedByRanking
FNDA:0,(anonymous_11)
FNDA:0,(anonymous_12)
FNDA:0,(anonymous_13)
FNDA:0,(anonymous_14)
FNDA:0,(anonymous_15)
FNDA:0,evaluatePartyWithRankingRecordsWithPoliticians
FNDA:0,(anonymous_17)
FNDA:0,calculateNewScore
DA:9,1
DA:12,0
DA:13,0
DA:14,0
DA:16,0
DA:20,0
DA:21,0
DA:22,0
DA:24,0
DA:27,0
DA:28,0
DA:29,0
DA:30,0
DA:32,0
DA:43,0
DA:53,0
DA:54,0
DA:55,0
DA:56,0
DA:57,0
DA:58,0
DA:59,0
DA:60,0
DA:61,0
DA:64,0
DA:71,0
DA:72,0
DA:78,0
LF:28
LH:1
BRDA:13,0,0,0
BRDA:71,1,0,0
BRF:2
BRH:0
end_of_record
TN:
SF:src/services/politician.service.ts
FN:11,validateOrCrash
FNF:1
FNH:0
FNDA:0,validateOrCrash
DA:9,1
DA:12,0
DA:13,0
DA:14,0
DA:16,0
LF:5
LH:1
BRDA:13,0,0,0
BRF:1
BRH:0
end_of_record
TN:
SF:src/services/ranking.service.ts
FN:11,validateOrCrash
FN:19,validateOrCrashByYear
FNF:2
FNH:0
FNDA:0,validateOrCrash
FNDA:0,validateOrCrashByYear
DA:9,1
DA:12,0
DA:13,0
DA:14,0
DA:16,0
DA:20,0
DA:21,0
DA:22,0
DA:24,0
LF:9
LH:1
BRDA:13,0,0,0
BRDA:21,1,0,0
BRF:2
BRH:0
end_of_record
TN:
SF:src/services/rankingRecord.service.ts
FN:11,validateOrCrash
FNF:1
FNH:0
FNDA:0,validateOrCrash
DA:9,1
DA:12,0
DA:13,0
DA:14,0
DA:16,0
LF:5
LH:1
BRDA:13,0,0,0
BRF:1
BRH:0
end_of_record
TN:
SF:src/services/reaction.service.ts
FN:11,validateOrCrash
FNF:1
FNH:0
FNDA:0,validateOrCrash
DA:9,1
DA:12,0
DA:13,0
DA:14,0
DA:16,0
LF:5
LH:1
BRDA:13,0,0,0
BRF:1
BRH:0
end_of_record
TN:
SF:src/services/state.service.ts
FN:11,validateOrCrash
FN:19,validateAbbreviationOrCrash
FNF:2
FNH:1
FNDA:0,validateOrCrash
FNDA:2,validateAbbreviationOrCrash
DA:9,1
DA:12,0
DA:13,0
DA:14,0
DA:16,0
DA:20,2
DA:21,2
DA:22,0
DA:24,2
LF:9
LH:4
BRDA:13,0,0,0
BRDA:21,1,0,0
BRF:2
BRH:0
end_of_record
TN:
SF:src/services/sticker.service.ts
FN:12,validateOrCrash
FN:20,createPartyPageBaseStickers
FN:30,createChainedPartyPageBaseSticker
FNF:3
FNH:0
FNDA:0,validateOrCrash
FNDA:0,createPartyPageBaseStickers
FNDA:0,createChainedPartyPageBaseSticker
DA:10,1
DA:13,0
DA:14,0
DA:15,0
DA:17,0
DA:21,0
DA:22,0
DA:23,0
DA:24,0
DA:25,0
DA:26,0
DA:32,0
DA:36,0
DA:37,0
DA:43,0
LF:15
LH:1
BRDA:14,0,0,0
BRDA:32,1,0,0
BRDA:32,1,1,0
BRF:3
BRH:0
end_of_record
TN:
SF:src/services/userAlbum.service.ts
FN:11,validateOrCrash
FNF:1
FNH:0
FNDA:0,validateOrCrash
DA:9,1
DA:12,0
DA:13,0
DA:14,0
DA:16,0
LF:5
LH:1
BRDA:13,0,0,0
BRF:1
BRH:0
end_of_record
TN:
SF:src/utils/joi.utils.ts
FN:6,validateJoiSchemaFromObjectOrCrash
FN:14,(anonymous_1)
FNF:2
FNH:2
FNDA:5,validateJoiSchemaFromObjectOrCrash
FNDA:54,(anonymous_1)
DA:8,5
DA:9,5
DA:12,5
DA:13,5
DA:14,5
DA:15,54
DA:16,54
DA:19,5
DA:20,5
DA:21,1
DA:24,4
LF:11
LH:11
BRDA:15,0,0,54
BRDA:15,0,1,14
BRDA:20,1,0,1
BRF:3
BRH:3
end_of_record
TN:
SF:src/utils/logger.utils.ts
FN:20,log
FN:24,logObject
FNF:2
FNH:1
FNDA:39,log
FNDA:0,logObject
DA:5,1
DA:21,39
DA:25,0
DA:26,0
LF:4
LH:2
BRF:0
BRH:0
end_of_record
TN:
SF:src/utils/crypt/index.ts
FN:10,encryptCryptr
FN:14,decryptCryptr
FN:20,createToken
FN:27,decodeToken
FN:36,encryptBcrypt
FN:40,compareBcrypt
FNF:6
FNH:3
FNDA:0,encryptCryptr
FNDA:0,decryptCryptr
FNDA:1,createToken
FNDA:0,decodeToken
FNDA:5,encryptBcrypt
FNDA:1,compareBcrypt
DA:6,1
DA:7,1
DA:8,1
DA:11,0
DA:12,0
DA:15,0
DA:16,0
DA:21,1
DA:22,1
DA:23,1
DA:24,1
DA:28,0
DA:29,0
DA:30,0
DA:32,0
DA:37,5
DA:38,5
DA:41,1
DA:42,1
DA:45,1
LF:20
LH:12
BRDA:6,0,0,0
BRDA:6,0,1,1
BRDA:6,1,0,1
BRDA:6,1,1,1
BRDA:7,2,0,0
BRDA:7,2,1,1
BRDA:7,3,0,1
BRDA:7,3,1,1
BRF:8
BRH:6
end_of_record
TN:
SF:src/utils/errors/error.utils.ts
FN:18,errorTypeToStatusCode
FN:22,any
FN:27,returnErrorFromType
FN:31,isAppError
FN:37,(anonymous_4)
FN:38,(anonymous_5)
FN:39,(anonymous_6)
FN:40,(anonymous_7)
FN:41,(anonymous_8)
FNF:9
FNH:5
FNDA:3,errorTypeToStatusCode
FNDA:0,any
FNDA:3,returnErrorFromType
FNDA:3,isAppError
FNDA:2,(anonymous_4)
FNDA:0,(anonymous_5)
FNDA:0,(anonymous_6)
FNDA:1,(anonymous_7)
FNDA:0,(anonymous_8)
DA:10,1
DA:19,3
DA:23,0
DA:24,0
DA:28,3
DA:32,3
DA:37,2
DA:38,0
DA:39,0
DA:40,1
DA:41,0
LF:11
LH:6
BRDA:19,0,0,3
BRDA:19,0,1,0
BRDA:23,1,0,0
BRDA:23,1,1,0
BRDA:23,2,0,0
BRDA:23,2,1,0
BRDA:24,3,0,0
BRDA:24,3,1,0
BRDA:24,4,0,0
BRDA:24,4,1,0
BRDA:24,5,0,0
BRDA:24,5,1,0
BRDA:24,6,0,0
BRDA:24,6,1,0
BRF:14
BRH:1
end_of_record
TN:
SF:tests/factories/user.factory.ts
FN:7,createUser
FN:26,transformInInput
FN:39,saveUserInDatabase
FN:49,deleteUserByEmail
FNF:4
FNH:4
FNDA:7,createUser
FNDA:3,transformInInput
FNDA:3,saveUserInDatabase
FNDA:4,deleteUserByEmail
DA:9,7
DA:10,7
DA:12,7
DA:28,3
DA:30,3
DA:36,3
DA:40,3
DA:41,3
DA:42,3
DA:50,4
LF:10
LH:10
BRDA:26,0,0,0
BRDA:39,1,0,0
BRF:2
BRH:0
end_of_record
